<?xml version="1.0" encoding="UTF-8"?>
<!-- Generated by org.testng.reporters.JUnitXMLReporter -->
<testsuite ignored="2" hostname="DESKTOP-6JUGJ4I" failures="4" tests="17" name="TestsOnEdge" time="384.392" errors="0" timestamp="2023-05-18T17:34:50 IST">
  <testcase classname="com.tripadvisor.webapp.tests.HomePageTest" name="TC_TripAdvisor_HomePage_001" time="3.916"/>
  <testcase classname="com.tripadvisor.webapp.tests.HomePageTest" name="TC_TripAdvisor_HomePage_002" time="0.116"/>
  <testcase classname="com.tripadvisor.webapp.tests.HomePageTest" name="TC_TripAdvisor_HomePage_003" time="0.155"/>
  <testcase classname="com.tripadvisor.webapp.tests.SignInPageTest" name="TC_TripAdvisor_SignInPage_001" time="6.414"/>
  <testcase classname="com.tripadvisor.webapp.tests.SignInPageTest" name="TC_TripAdvisor_SignInPage_002" time="8.668"/>
  <testcase classname="com.tripadvisor.webapp.tests.SignInPageTest" name="TC_TripAdvisor_SignInPage_003" time="38.695">
    <failure type="org.openqa.selenium.TimeoutException" message="Expected condition failed: waiting for visibility of Proxy element for: DefaultElementLocator &amp;apos;By.cssSelector: button[id=&amp;apos;facebookBtn&amp;apos;]&amp;apos; (tried for 30 second(s) with 500 milliseconds interval)">
      <![CDATA[org.openqa.selenium.TimeoutException: Expected condition failed: waiting for visibility of Proxy element for: DefaultElementLocator 'By.cssSelector: button[id='facebookBtn']' (tried for 30 second(s) with 500 milliseconds interval)
at org.openqa.selenium.support.ui.WebDriverWait.timeoutException(WebDriverWait.java:87)
at org.openqa.selenium.support.ui.FluentWait.until(FluentWait.java:231)
at com.tripadvisor.webapp.base.BasePage.waitForElementToBePresent(BasePage.java:59)
at com.tripadvisor.webapp.pages.SignInPage.textOnContinueWithFacebook(SignInPage.java:69)
at com.tripadvisor.webapp.tests.SignInPageTest.TC_TripAdvisor_SignInPage_003(SignInPageTest.java:71)
at java.base/java.util.ArrayList.forEach(ArrayList.java:1541)
at java.base/java.util.concurrent.FutureTask.run(FutureTask.java:264)
at java.base/java.util.concurrent.ThreadPoolExecutor.runWorker(ThreadPoolExecutor.java:1128)
at java.base/java.util.concurrent.ThreadPoolExecutor$Worker.run(ThreadPoolExecutor.java:628)
at java.base/java.lang.Thread.run(Thread.java:834)
Caused by: org.openqa.selenium.NoSuchElementException: no such element: Unable to locate element: {"method":"css selector","selector":"button[id='facebookBtn']"}
  (Session info: MicrosoftEdge=113.0.1774.42)
For documentation on this error, please visit: https://selenium.dev/exceptions/#no_such_element
Build info: version: '4.4.0', revision: 'e5c75ed026a'
System info: host: 'DESKTOP-6JUGJ4I', ip: '192.168.0.103', os.name: 'Windows 11', os.arch: 'amd64', os.version: '10.0', java.version: '11.0.15.1'
Driver info: org.openqa.selenium.edge.EdgeDriver
Command: [c4b7b4a61f301a6937a2ff52008e1a8b, findElement {using=css selector, value=button[id='facebookBtn']}]
Capabilities {acceptInsecureCerts: false, browserName: msedge, browserVersion: 113.0.1774.42, ms:edgeOptions: {debuggerAddress: localhost:64386}, msedge: {msedgedriverVersion: 113.0.1774.42 (881f34180765..., userDataDir: C:\Users\Sachin\AppData\Loc...}, networkConnectionEnabled: false, pageLoadStrategy: normal, platformName: WINDOWS, proxy: Proxy(), se:cdp: ws://localhost:64386/devtoo..., se:cdpVersion: 113.0.1774.42, setWindowRect: true, strictFileInteractability: false, timeouts: {implicit: 0, pageLoad: 300000, script: 30000}, unhandledPromptBehavior: dismiss and notify, webauthn:extension:credBlob: true, webauthn:extension:largeBlob: true, webauthn:extension:minPinLength: true, webauthn:extension:prf: true, webauthn:virtualAuthenticators: true}
Session ID: c4b7b4a61f301a6937a2ff52008e1a8b
at org.openqa.selenium.remote.codec.w3c.W3CHttpResponseCodec.createException(W3CHttpResponseCodec.java:200)
at org.openqa.selenium.remote.codec.w3c.W3CHttpResponseCodec.decode(W3CHttpResponseCodec.java:133)
at org.openqa.selenium.remote.codec.w3c.W3CHttpResponseCodec.decode(W3CHttpResponseCodec.java:53)
at org.openqa.selenium.remote.HttpCommandExecutor.execute(HttpCommandExecutor.java:184)
at org.openqa.selenium.remote.service.DriverCommandExecutor.invokeExecute(DriverCommandExecutor.java:167)
at org.openqa.selenium.remote.service.DriverCommandExecutor.execute(DriverCommandExecutor.java:142)
at org.openqa.selenium.remote.RemoteWebDriver.execute(RemoteWebDriver.java:547)
at org.openqa.selenium.remote.ElementLocation$ElementFinder$2.findElement(ElementLocation.java:162)
at org.openqa.selenium.remote.ElementLocation.findElement(ElementLocation.java:60)
at org.openqa.selenium.remote.RemoteWebDriver.findElement(RemoteWebDriver.java:365)
at org.openqa.selenium.remote.RemoteWebDriver.findElement(RemoteWebDriver.java:357)
at org.openqa.selenium.support.pagefactory.DefaultElementLocator.findElement(DefaultElementLocator.java:70)
at org.openqa.selenium.support.pagefactory.internal.LocatingElementHandler.invoke(LocatingElementHandler.java:39)
at com.sun.proxy.$Proxy18.isDisplayed(Unknown Source)
at org.openqa.selenium.support.ui.ExpectedConditions.elementIfVisible(ExpectedConditions.java:307)
at org.openqa.selenium.support.ui.ExpectedConditions.access$000(ExpectedConditions.java:40)
at org.openqa.selenium.support.ui.ExpectedConditions$10.apply(ExpectedConditions.java:293)
at org.openqa.selenium.support.ui.ExpectedConditions$10.apply(ExpectedConditions.java:290)
at org.openqa.selenium.support.ui.FluentWait.until(FluentWait.java:208)
... 26 more
... Removed 21 stack frames]]>
    </failure>
  </testcase> <!-- TC_TripAdvisor_SignInPage_003 -->
  <testcase classname="com.tripadvisor.webapp.tests.SignInPageTest" name="TC_TripAdvisor_SignInPage_004" time="5.782"/>
  <testcase classname="com.tripadvisor.webapp.tests.SignInPageTest" name="TC_TripAdvisor_SignInPage_005" time="11.62"/>
  <testcase classname="com.tripadvisor.webapp.tests.SignInPageTest" name="TC_TripAdvisor_SignInPage_006" time="14.776"/>
  <testcase classname="com.tripadvisor.webapp.tests.SignInPageTest" name="TC_TripAdvisor_SignInPage_Negative_007" time="14.783"/>
  <testcase classname="com.tripadvisor.webapp.tests.SignInPageTest" name="TC_TripAdvisor_SignInPage_Negative_007" time="9.826"/>
  <testcase classname="com.tripadvisor.webapp.tests.SignInPageTest" name="TC_TripAdvisor_SignInPage_Negative_008" time="9.657"/>
  <testcase classname="com.tripadvisor.webapp.tests.SignInPageTest" name="TC_TripAdvisor_SignInPage_Negative_009" time="8.811">
    <failure type="java.lang.AssertionError" message="Some error in login page expected [Your password should be at least 6 characters long.] but found [Your password must be at least 10 characters. Please try again.]">
      <![CDATA[java.lang.AssertionError: Some error in login page expected [Your password should be at least 6 characters long.] but found [Your password must be at least 10 characters. Please try again.]
at com.tripadvisor.webapp.tests.SignInPageTest.TC_TripAdvisor_SignInPage_Negative_009(SignInPageTest.java:178)
at java.base/java.util.ArrayList.forEach(ArrayList.java:1541)
at java.base/java.util.concurrent.FutureTask.run(FutureTask.java:264)
at java.base/java.util.concurrent.ThreadPoolExecutor.runWorker(ThreadPoolExecutor.java:1128)
at java.base/java.util.concurrent.ThreadPoolExecutor$Worker.run(ThreadPoolExecutor.java:628)
at java.base/java.lang.Thread.run(Thread.java:834)
... Removed 23 stack frames]]>
    </failure>
  </testcase> <!-- TC_TripAdvisor_SignInPage_Negative_009 -->
  <testcase classname="com.tripadvisor.webapp.tests.UserHomePageTest" name="TC_TripAdvisor_UserHomePage_002" time="39.777">
    <failure type="org.openqa.selenium.TimeoutException" message="Expected condition failed: waiting for number of elements found by By.cssSelector: div[id=&amp;apos;typeahead_results&amp;apos;]&amp;gt;a&amp;gt;div:nth-of-type(2)&amp;gt;div:nth-of-type(1) to be &amp;quot;5&amp;quot;. Current number: &amp;quot;6&amp;quot; (tried for 30 second(s) with 500 milliseconds interval)
Build info: version: &amp;apos;4.4.0&amp;apos;, revision: &amp;apos;e5c75ed026a&amp;apos;
System info: host: &amp;apos;DESKTOP-6JUGJ4I&amp;apos;, ip: &amp;apos;192.168.0.103&amp;apos;, os.name: &amp;apos;Windows 11&amp;apos;, os.arch: &amp;apos;amd64&amp;apos;, os.version: &amp;apos;10.0&amp;apos;, java.version: &amp;apos;11.0.15.1&amp;apos;
Driver info: org.openqa.selenium.edge.EdgeDriver
Capabilities {acceptInsecureCerts: false, browserName: msedge, browserVersion: 113.0.1774.42, ms:edgeOptions: {debuggerAddress: localhost:50608}, msedge: {msedgedriverVersion: 113.0.1774.42 (881f34180765..., userDataDir: C:\Users\Sachin\AppData\Loc...}, networkConnectionEnabled: false, pageLoadStrategy: normal, platformName: WINDOWS, proxy: Proxy(), se:cdp: ws://localhost:50608/devtoo..., se:cdpVersion: 113.0.1774.42, setWindowRect: true, strictFileInteractability: false, timeouts: {implicit: 0, pageLoad: 300000, script: 30000}, unhandledPromptBehavior: dismiss and notify, webauthn:extension:credBlob: true, webauthn:extension:largeBlob: true, webauthn:extension:minPinLength: true, webauthn:extension:prf: true, webauthn:virtualAuthenticators: true}
Session ID: c2faf42d6bcdc27c2d4ee8db242ffdd2">
      <![CDATA[org.openqa.selenium.TimeoutException: Expected condition failed: waiting for number of elements found by By.cssSelector: div[id='typeahead_results']>a>div:nth-of-type(2)>div:nth-of-type(1) to be "5". Current number: "6" (tried for 30 second(s) with 500 milliseconds interval)
Build info: version: '4.4.0', revision: 'e5c75ed026a'
System info: host: 'DESKTOP-6JUGJ4I', ip: '192.168.0.103', os.name: 'Windows 11', os.arch: 'amd64', os.version: '10.0', java.version: '11.0.15.1'
Driver info: org.openqa.selenium.edge.EdgeDriver
Capabilities {acceptInsecureCerts: false, browserName: msedge, browserVersion: 113.0.1774.42, ms:edgeOptions: {debuggerAddress: localhost:50608}, msedge: {msedgedriverVersion: 113.0.1774.42 (881f34180765..., userDataDir: C:\Users\Sachin\AppData\Loc...}, networkConnectionEnabled: false, pageLoadStrategy: normal, platformName: WINDOWS, proxy: Proxy(), se:cdp: ws://localhost:50608/devtoo..., se:cdpVersion: 113.0.1774.42, setWindowRect: true, strictFileInteractability: false, timeouts: {implicit: 0, pageLoad: 300000, script: 30000}, unhandledPromptBehavior: dismiss and notify, webauthn:extension:credBlob: true, webauthn:extension:largeBlob: true, webauthn:extension:minPinLength: true, webauthn:extension:prf: true, webauthn:virtualAuthenticators: true}
Session ID: c2faf42d6bcdc27c2d4ee8db242ffdd2
at org.openqa.selenium.support.ui.WebDriverWait.timeoutException(WebDriverWait.java:87)
at org.openqa.selenium.support.ui.FluentWait.until(FluentWait.java:231)
at com.tripadvisor.webapp.base.BasePage.waitForElementsToBePresentByLocator(BasePage.java:126)
at com.tripadvisor.webapp.pages.UserHomePage.searchPerticularCityThingsToDo(UserHomePage.java:122)
at com.tripadvisor.webapp.tests.UserHomePageTest.TC_TripAdvisor_UserHomePage_002(UserHomePageTest.java:58)
at java.base/java.util.ArrayList.forEach(ArrayList.java:1541)
at java.base/java.util.concurrent.FutureTask.run(FutureTask.java:264)
at java.base/java.util.concurrent.ThreadPoolExecutor.runWorker(ThreadPoolExecutor.java:1128)
at java.base/java.util.concurrent.ThreadPoolExecutor$Worker.run(ThreadPoolExecutor.java:628)
at java.base/java.lang.Thread.run(Thread.java:834)
... Removed 18 stack frames]]>
    </failure>
  </testcase> <!-- TC_TripAdvisor_UserHomePage_002 -->
  <testcase classname="com.tripadvisor.webapp.tests.PuneHomePageTest" name="TC_TripAdvisor_PuneHomePage_001" time="38.054"/>
  <testcase classname="com.tripadvisor.webapp.tests.PuneHomePageTest" name="TC_TripAdvisor_PuneHomePage_002" time="11.191"/>
  <testcase classname="com.tripadvisor.webapp.tests.FunctionalTest" name="TC_TripAdvisor_PuneHomePage_002" time="36.713">
    <failure type="org.openqa.selenium.TimeoutException" message="Expected condition failed: waiting for element to be clickable: Proxy element for: DefaultElementLocator &amp;apos;By.cssSelector: div[class=&amp;apos;slvrn Z0 Wh EcFTp&amp;apos;]&amp;gt;form&amp;gt;input[type=&amp;apos;search&amp;apos;]&amp;apos; (tried for 30 second(s) with 500 milliseconds interval)">
      <![CDATA[org.openqa.selenium.TimeoutException: Expected condition failed: waiting for element to be clickable: Proxy element for: DefaultElementLocator 'By.cssSelector: div[class='slvrn Z0 Wh EcFTp']>form>input[type='search']' (tried for 30 second(s) with 500 milliseconds interval)
at org.openqa.selenium.support.ui.WebDriverWait.timeoutException(WebDriverWait.java:87)
at org.openqa.selenium.support.ui.FluentWait.until(FluentWait.java:231)
at com.tripadvisor.webapp.base.BasePage.waitForElementToBeClickable(BasePage.java:102)
at com.tripadvisor.webapp.pages.UserHomePage.searchPerticularCity(UserHomePage.java:84)
at com.tripadvisor.webapp.tests.FunctionalTest.TC_TripAdvisor_PuneHomePage_002(FunctionalTest.java:46)
at java.base/java.util.ArrayList.forEach(ArrayList.java:1541)
at java.base/java.util.concurrent.FutureTask.run(FutureTask.java:264)
at java.base/java.util.concurrent.ThreadPoolExecutor.runWorker(ThreadPoolExecutor.java:1128)
at java.base/java.util.concurrent.ThreadPoolExecutor$Worker.run(ThreadPoolExecutor.java:628)
at java.base/java.lang.Thread.run(Thread.java:834)
Caused by: org.openqa.selenium.NoSuchElementException: no such element: Unable to locate element: {"method":"css selector","selector":"div[class='slvrn Z0 Wh EcFTp']>form>input[type='search']"}
  (Session info: MicrosoftEdge=113.0.1774.42)
For documentation on this error, please visit: https://selenium.dev/exceptions/#no_such_element
Build info: version: '4.4.0', revision: 'e5c75ed026a'
System info: host: 'DESKTOP-6JUGJ4I', ip: '192.168.0.103', os.name: 'Windows 11', os.arch: 'amd64', os.version: '10.0', java.version: '11.0.15.1'
Driver info: org.openqa.selenium.edge.EdgeDriver
Command: [91a86182a4d47c67fba4659606f715ad, findElement {using=css selector, value=div[class='slvrn Z0 Wh EcFTp']>form>input[type='search']}]
Capabilities {acceptInsecureCerts: false, browserName: msedge, browserVersion: 113.0.1774.42, ms:edgeOptions: {debuggerAddress: localhost:51730}, msedge: {msedgedriverVersion: 113.0.1774.42 (881f34180765..., userDataDir: C:\Users\Sachin\AppData\Loc...}, networkConnectionEnabled: false, pageLoadStrategy: normal, platformName: WINDOWS, proxy: Proxy(), se:cdp: ws://localhost:51730/devtoo..., se:cdpVersion: 113.0.1774.42, setWindowRect: true, strictFileInteractability: false, timeouts: {implicit: 0, pageLoad: 300000, script: 30000}, unhandledPromptBehavior: dismiss and notify, webauthn:extension:credBlob: true, webauthn:extension:largeBlob: true, webauthn:extension:minPinLength: true, webauthn:extension:prf: true, webauthn:virtualAuthenticators: true}
Session ID: 91a86182a4d47c67fba4659606f715ad
at org.openqa.selenium.remote.codec.w3c.W3CHttpResponseCodec.createException(W3CHttpResponseCodec.java:200)
at org.openqa.selenium.remote.codec.w3c.W3CHttpResponseCodec.decode(W3CHttpResponseCodec.java:133)
at org.openqa.selenium.remote.codec.w3c.W3CHttpResponseCodec.decode(W3CHttpResponseCodec.java:53)
at org.openqa.selenium.remote.HttpCommandExecutor.execute(HttpCommandExecutor.java:184)
at org.openqa.selenium.remote.service.DriverCommandExecutor.invokeExecute(DriverCommandExecutor.java:167)
at org.openqa.selenium.remote.service.DriverCommandExecutor.execute(DriverCommandExecutor.java:142)
at org.openqa.selenium.remote.RemoteWebDriver.execute(RemoteWebDriver.java:547)
at org.openqa.selenium.remote.ElementLocation$ElementFinder$2.findElement(ElementLocation.java:162)
at org.openqa.selenium.remote.ElementLocation.findElement(ElementLocation.java:60)
at org.openqa.selenium.remote.RemoteWebDriver.findElement(RemoteWebDriver.java:365)
at org.openqa.selenium.remote.RemoteWebDriver.findElement(RemoteWebDriver.java:357)
at org.openqa.selenium.support.pagefactory.DefaultElementLocator.findElement(DefaultElementLocator.java:70)
at org.openqa.selenium.support.pagefactory.internal.LocatingElementHandler.invoke(LocatingElementHandler.java:39)
at com.sun.proxy.$Proxy18.isDisplayed(Unknown Source)
at org.openqa.selenium.support.ui.ExpectedConditions.elementIfVisible(ExpectedConditions.java:307)
at org.openqa.selenium.support.ui.ExpectedConditions.access$000(ExpectedConditions.java:40)
at org.openqa.selenium.support.ui.ExpectedConditions$10.apply(ExpectedConditions.java:293)
at org.openqa.selenium.support.ui.ExpectedConditions$10.apply(ExpectedConditions.java:290)
at org.openqa.selenium.support.ui.ExpectedConditions$23.apply(ExpectedConditions.java:660)
at org.openqa.selenium.support.ui.ExpectedConditions$23.apply(ExpectedConditions.java:656)
at org.openqa.selenium.support.ui.FluentWait.until(FluentWait.java:208)
... 26 more
... Removed 21 stack frames]]>
    </failure>
  </testcase> <!-- TC_TripAdvisor_PuneHomePage_002 -->
  <testcase classname="com.tripadvisor.webapp.tests.UserHomePageTest" name="TC_TripAdvisor_UserHomePage_001" time="0.0">
    <ignored/>
  </testcase> <!-- TC_TripAdvisor_UserHomePage_001 -->
  <testcase classname="com.tripadvisor.webapp.tests.UserHomePageTest" name="TC_TripAdvisor_UserHomePage_003" time="0.0">
    <ignored/>
  </testcase> <!-- TC_TripAdvisor_UserHomePage_003 -->
</testsuite> <!-- TestsOnEdge -->
