<?xml version="1.0" encoding="UTF-8"?>
<!-- Generated by org.testng.reporters.JUnitXMLReporter -->
<testsuite ignored="2" hostname="DESKTOP-6JUGJ4I" failures="3" tests="17" name="TestsOnChrome" time="323.289" errors="0" timestamp="2023-05-18T17:33:49 IST">
  <testcase classname="com.tripadvisor.webapp.tests.HomePageTest" name="TC_TripAdvisor_HomePage_001" time="4.317"/>
  <testcase classname="com.tripadvisor.webapp.tests.HomePageTest" name="TC_TripAdvisor_HomePage_002" time="0.153"/>
  <testcase classname="com.tripadvisor.webapp.tests.HomePageTest" name="TC_TripAdvisor_HomePage_003" time="0.078"/>
  <testcase classname="com.tripadvisor.webapp.tests.SignInPageTest" name="TC_TripAdvisor_SignInPage_001" time="4.981"/>
  <testcase classname="com.tripadvisor.webapp.tests.SignInPageTest" name="TC_TripAdvisor_SignInPage_002" time="10.693"/>
  <testcase classname="com.tripadvisor.webapp.tests.SignInPageTest" name="TC_TripAdvisor_SignInPage_003" time="36.432">
    <failure type="org.openqa.selenium.TimeoutException" message="Expected condition failed: waiting for visibility of Proxy element for: DefaultElementLocator &amp;apos;By.cssSelector: button[id=&amp;apos;facebookBtn&amp;apos;]&amp;apos; (tried for 30 second(s) with 500 milliseconds interval)">
      <![CDATA[org.openqa.selenium.TimeoutException: Expected condition failed: waiting for visibility of Proxy element for: DefaultElementLocator 'By.cssSelector: button[id='facebookBtn']' (tried for 30 second(s) with 500 milliseconds interval)
at org.openqa.selenium.support.ui.WebDriverWait.timeoutException(WebDriverWait.java:87)
at org.openqa.selenium.support.ui.FluentWait.until(FluentWait.java:231)
at com.tripadvisor.webapp.base.BasePage.waitForElementToBePresent(BasePage.java:59)
at com.tripadvisor.webapp.pages.SignInPage.textOnContinueWithFacebook(SignInPage.java:69)
at com.tripadvisor.webapp.tests.SignInPageTest.TC_TripAdvisor_SignInPage_003(SignInPageTest.java:71)
at java.base/java.util.ArrayList.forEach(ArrayList.java:1541)
at java.base/java.util.concurrent.FutureTask.run(FutureTask.java:264)
at java.base/java.util.concurrent.ThreadPoolExecutor.runWorker(ThreadPoolExecutor.java:1128)
at java.base/java.util.concurrent.ThreadPoolExecutor$Worker.run(ThreadPoolExecutor.java:628)
at java.base/java.lang.Thread.run(Thread.java:834)
Caused by: org.openqa.selenium.NoSuchElementException: no such element: Unable to locate element: {"method":"css selector","selector":"button[id='facebookBtn']"}
  (Session info: chrome=113.0.5672.94)
For documentation on this error, please visit: https://selenium.dev/exceptions/#no_such_element
Build info: version: '4.4.0', revision: 'e5c75ed026a'
System info: host: 'DESKTOP-6JUGJ4I', ip: '192.168.0.103', os.name: 'Windows 11', os.arch: 'amd64', os.version: '10.0', java.version: '11.0.15.1'
Driver info: org.openqa.selenium.chrome.ChromeDriver
Command: [53490639eb9f3992cb728d55e7710d0b, findElement {using=css selector, value=button[id='facebookBtn']}]
Capabilities {acceptInsecureCerts: false, browserName: chrome, browserVersion: 113.0.5672.94, chrome: {chromedriverVersion: 113.0.5672.63 (0e1a4471d5ae..., userDataDir: C:\Users\Sachin\AppData\Loc...}, goog:chromeOptions: {debuggerAddress: localhost:64216}, networkConnectionEnabled: false, pageLoadStrategy: normal, platformName: WINDOWS, proxy: Proxy(), se:cdp: ws://localhost:64216/devtoo..., se:cdpVersion: 113.0.5672.94, setWindowRect: true, strictFileInteractability: false, timeouts: {implicit: 0, pageLoad: 300000, script: 30000}, unhandledPromptBehavior: dismiss and notify, webauthn:extension:credBlob: true, webauthn:extension:largeBlob: true, webauthn:extension:minPinLength: true, webauthn:extension:prf: true, webauthn:virtualAuthenticators: true}
Session ID: 53490639eb9f3992cb728d55e7710d0b
at org.openqa.selenium.remote.codec.w3c.W3CHttpResponseCodec.createException(W3CHttpResponseCodec.java:200)
at org.openqa.selenium.remote.codec.w3c.W3CHttpResponseCodec.decode(W3CHttpResponseCodec.java:133)
at org.openqa.selenium.remote.codec.w3c.W3CHttpResponseCodec.decode(W3CHttpResponseCodec.java:53)
at org.openqa.selenium.remote.HttpCommandExecutor.execute(HttpCommandExecutor.java:184)
at org.openqa.selenium.remote.service.DriverCommandExecutor.invokeExecute(DriverCommandExecutor.java:167)
at org.openqa.selenium.remote.service.DriverCommandExecutor.execute(DriverCommandExecutor.java:142)
at org.openqa.selenium.remote.RemoteWebDriver.execute(RemoteWebDriver.java:547)
at org.openqa.selenium.remote.ElementLocation$ElementFinder$2.findElement(ElementLocation.java:162)
at org.openqa.selenium.remote.ElementLocation.findElement(ElementLocation.java:60)
at org.openqa.selenium.remote.RemoteWebDriver.findElement(RemoteWebDriver.java:365)
at org.openqa.selenium.remote.RemoteWebDriver.findElement(RemoteWebDriver.java:357)
at org.openqa.selenium.support.pagefactory.DefaultElementLocator.findElement(DefaultElementLocator.java:70)
at org.openqa.selenium.support.pagefactory.internal.LocatingElementHandler.invoke(LocatingElementHandler.java:39)
at com.sun.proxy.$Proxy18.isDisplayed(Unknown Source)
at org.openqa.selenium.support.ui.ExpectedConditions.elementIfVisible(ExpectedConditions.java:307)
at org.openqa.selenium.support.ui.ExpectedConditions.access$000(ExpectedConditions.java:40)
at org.openqa.selenium.support.ui.ExpectedConditions$10.apply(ExpectedConditions.java:293)
at org.openqa.selenium.support.ui.ExpectedConditions$10.apply(ExpectedConditions.java:290)
at org.openqa.selenium.support.ui.FluentWait.until(FluentWait.java:208)
... 26 more
... Removed 21 stack frames]]>
    </failure>
  </testcase> <!-- TC_TripAdvisor_SignInPage_003 -->
  <testcase classname="com.tripadvisor.webapp.tests.SignInPageTest" name="TC_TripAdvisor_SignInPage_004" time="5.316"/>
  <testcase classname="com.tripadvisor.webapp.tests.SignInPageTest" name="TC_TripAdvisor_SignInPage_005" time="6.084"/>
  <testcase classname="com.tripadvisor.webapp.tests.SignInPageTest" name="TC_TripAdvisor_SignInPage_006" time="9.612"/>
  <testcase classname="com.tripadvisor.webapp.tests.SignInPageTest" name="TC_TripAdvisor_SignInPage_Negative_007" time="12.182"/>
  <testcase classname="com.tripadvisor.webapp.tests.SignInPageTest" name="TC_TripAdvisor_SignInPage_Negative_007" time="10.86"/>
  <testcase classname="com.tripadvisor.webapp.tests.SignInPageTest" name="TC_TripAdvisor_SignInPage_Negative_008" time="10.937"/>
  <testcase classname="com.tripadvisor.webapp.tests.SignInPageTest" name="TC_TripAdvisor_SignInPage_Negative_009" time="10.457">
    <failure type="java.lang.AssertionError" message="Some error in login page expected [Your password should be at least 6 characters long.] but found [Your password must be at least 10 characters. Please try again.]">
      <![CDATA[java.lang.AssertionError: Some error in login page expected [Your password should be at least 6 characters long.] but found [Your password must be at least 10 characters. Please try again.]
at com.tripadvisor.webapp.tests.SignInPageTest.TC_TripAdvisor_SignInPage_Negative_009(SignInPageTest.java:178)
at java.base/java.util.ArrayList.forEach(ArrayList.java:1541)
at java.base/java.util.concurrent.FutureTask.run(FutureTask.java:264)
at java.base/java.util.concurrent.ThreadPoolExecutor.runWorker(ThreadPoolExecutor.java:1128)
at java.base/java.util.concurrent.ThreadPoolExecutor$Worker.run(ThreadPoolExecutor.java:628)
at java.base/java.lang.Thread.run(Thread.java:834)
... Removed 23 stack frames]]>
    </failure>
  </testcase> <!-- TC_TripAdvisor_SignInPage_Negative_009 -->
  <testcase classname="com.tripadvisor.webapp.tests.UserHomePageTest" name="TC_TripAdvisor_UserHomePage_002" time="44.636">
    <failure type="org.openqa.selenium.TimeoutException" message="Expected condition failed: waiting for number of elements found by By.cssSelector: div[id=&amp;apos;typeahead_results&amp;apos;]&amp;gt;a&amp;gt;div:nth-of-type(2)&amp;gt;div:nth-of-type(1) to be &amp;quot;5&amp;quot;. Current number: &amp;quot;6&amp;quot; (tried for 30 second(s) with 500 milliseconds interval)
Build info: version: &amp;apos;4.4.0&amp;apos;, revision: &amp;apos;e5c75ed026a&amp;apos;
System info: host: &amp;apos;DESKTOP-6JUGJ4I&amp;apos;, ip: &amp;apos;192.168.0.103&amp;apos;, os.name: &amp;apos;Windows 11&amp;apos;, os.arch: &amp;apos;amd64&amp;apos;, os.version: &amp;apos;10.0&amp;apos;, java.version: &amp;apos;11.0.15.1&amp;apos;
Driver info: org.openqa.selenium.chrome.ChromeDriver
Capabilities {acceptInsecureCerts: false, browserName: chrome, browserVersion: 113.0.5672.94, chrome: {chromedriverVersion: 113.0.5672.63 (0e1a4471d5ae..., userDataDir: C:\Users\Sachin\AppData\Loc...}, goog:chromeOptions: {debuggerAddress: localhost:50162}, networkConnectionEnabled: false, pageLoadStrategy: normal, platformName: WINDOWS, proxy: Proxy(), se:cdp: ws://localhost:50162/devtoo..., se:cdpVersion: 113.0.5672.94, setWindowRect: true, strictFileInteractability: false, timeouts: {implicit: 0, pageLoad: 300000, script: 30000}, unhandledPromptBehavior: dismiss and notify, webauthn:extension:credBlob: true, webauthn:extension:largeBlob: true, webauthn:extension:minPinLength: true, webauthn:extension:prf: true, webauthn:virtualAuthenticators: true}
Session ID: fd0290f3f9ac0f259a906dff7a3bb5a2">
      <![CDATA[org.openqa.selenium.TimeoutException: Expected condition failed: waiting for number of elements found by By.cssSelector: div[id='typeahead_results']>a>div:nth-of-type(2)>div:nth-of-type(1) to be "5". Current number: "6" (tried for 30 second(s) with 500 milliseconds interval)
Build info: version: '4.4.0', revision: 'e5c75ed026a'
System info: host: 'DESKTOP-6JUGJ4I', ip: '192.168.0.103', os.name: 'Windows 11', os.arch: 'amd64', os.version: '10.0', java.version: '11.0.15.1'
Driver info: org.openqa.selenium.chrome.ChromeDriver
Capabilities {acceptInsecureCerts: false, browserName: chrome, browserVersion: 113.0.5672.94, chrome: {chromedriverVersion: 113.0.5672.63 (0e1a4471d5ae..., userDataDir: C:\Users\Sachin\AppData\Loc...}, goog:chromeOptions: {debuggerAddress: localhost:50162}, networkConnectionEnabled: false, pageLoadStrategy: normal, platformName: WINDOWS, proxy: Proxy(), se:cdp: ws://localhost:50162/devtoo..., se:cdpVersion: 113.0.5672.94, setWindowRect: true, strictFileInteractability: false, timeouts: {implicit: 0, pageLoad: 300000, script: 30000}, unhandledPromptBehavior: dismiss and notify, webauthn:extension:credBlob: true, webauthn:extension:largeBlob: true, webauthn:extension:minPinLength: true, webauthn:extension:prf: true, webauthn:virtualAuthenticators: true}
Session ID: fd0290f3f9ac0f259a906dff7a3bb5a2
at org.openqa.selenium.support.ui.WebDriverWait.timeoutException(WebDriverWait.java:87)
at org.openqa.selenium.support.ui.FluentWait.until(FluentWait.java:231)
at com.tripadvisor.webapp.base.BasePage.waitForElementsToBePresentByLocator(BasePage.java:126)
at com.tripadvisor.webapp.pages.UserHomePage.searchPerticularCityThingsToDo(UserHomePage.java:122)
at com.tripadvisor.webapp.tests.UserHomePageTest.TC_TripAdvisor_UserHomePage_002(UserHomePageTest.java:58)
at java.base/java.util.ArrayList.forEach(ArrayList.java:1541)
at java.base/java.util.concurrent.FutureTask.run(FutureTask.java:264)
at java.base/java.util.concurrent.ThreadPoolExecutor.runWorker(ThreadPoolExecutor.java:1128)
at java.base/java.util.concurrent.ThreadPoolExecutor$Worker.run(ThreadPoolExecutor.java:628)
at java.base/java.lang.Thread.run(Thread.java:834)
... Removed 18 stack frames]]>
    </failure>
  </testcase> <!-- TC_TripAdvisor_UserHomePage_002 -->
  <testcase classname="com.tripadvisor.webapp.tests.PuneHomePageTest" name="TC_TripAdvisor_PuneHomePage_001" time="10.307"/>
  <testcase classname="com.tripadvisor.webapp.tests.PuneHomePageTest" name="TC_TripAdvisor_PuneHomePage_002" time="12.223"/>
  <testcase classname="com.tripadvisor.webapp.tests.FunctionalTest" name="TC_TripAdvisor_PuneHomePage_002" time="35.628"/>
  <testcase classname="com.tripadvisor.webapp.tests.UserHomePageTest" name="TC_TripAdvisor_UserHomePage_001" time="0.0">
    <ignored/>
  </testcase> <!-- TC_TripAdvisor_UserHomePage_001 -->
  <testcase classname="com.tripadvisor.webapp.tests.UserHomePageTest" name="TC_TripAdvisor_UserHomePage_003" time="0.0">
    <ignored/>
  </testcase> <!-- TC_TripAdvisor_UserHomePage_003 -->
</testsuite> <!-- TestsOnChrome -->
