<!DOCTYPE html PUBLIC "-//W3C//DTD XHTML 1.1//EN" "https://www.w3.org/TR/xhtml11/DTD/xhtml11.dtd">
<html xmlns="https://www.w3.org/1999/xhtml">
<head>
<meta http-equiv="content-type" content="text/html; charset=UTF-8"/>
<title>TestNG Report</title>
<style type="text/css">table {margin-bottom:10px;border-collapse:collapse;empty-cells:show}th,td {border:1px solid #009;padding:.25em .5em}th {vertical-align:bottom}td {vertical-align:top}table a {font-weight:bold}.stripe td {background-color: #E6EBF9}.num {text-align:right}.passedodd td {background-color: #3F3}.passedeven td {background-color: #0A0}.skippedodd td {background-color: #DDD}.skippedeven td {background-color: #CCC}.failedodd td,.attn {background-color: #F33}.failedeven td,.stripe .attn {background-color: #D00}.stacktrace {white-space:pre;font-family:monospace}.totop {font-size:85%;text-align:center;border-bottom:2px solid #000}.invisible {display:none}</style>
</head>
<body>
<table>
<tr><th>Test</th><th># Passed</th><th># Skipped</th><th># Retried</th><th># Failed</th><th>Time (ms)</th><th>Included Groups</th><th>Excluded Groups</th></tr>
<tr><th colspan="8">Suite</th></tr>
<tr><td><a href="#t0">TestsOnChrome</a></td><td class="num">14</td><td class="num">0</td><td class="num">0</td><td class="num attn">3</td><td class="num">323,289</td><td></td><td></td></tr>
<tr class="stripe"><td><a href="#t1">TestsOnEdge</a></td><td class="num">13</td><td class="num">0</td><td class="num">0</td><td class="num attn">4</td><td class="num">384,392</td><td></td><td></td></tr>
<tr><th>Total</th><th class="num">27</th><th class="num">0</th><th class="num">0</th><th class="num attn">7</th><th class="num">707,681</th><th colspan="2"></th></tr>
</table>
<table id='summary'><thead><tr><th>Class</th><th>Method</th><th>Start</th><th>Time (ms)</th></tr></thead><tbody><tr><th colspan="4">Suite</th></tr></tbody><tbody id="t0"><tr><th colspan="4">TestsOnChrome &#8212; failed</th></tr><tr class="failedeven"><td rowspan="2">com.tripadvisor.webapp.tests.SignInPageTest</td><td><a href="#m0">TC_TripAdvisor_SignInPage_003</a></td><td rowspan="1">1684411162673</td><td rowspan="1">36432</td></tr><tr class="failedeven"><td><a href="#m1">TC_TripAdvisor_SignInPage_Negative_009</a></td><td rowspan="1">1684411297736</td><td rowspan="1">10457</td></tr><tr class="failedodd"><td rowspan="1">com.tripadvisor.webapp.tests.UserHomePageTest</td><td><a href="#m2">TC_TripAdvisor_UserHomePage_002</a></td><td rowspan="1">1684411312672</td><td rowspan="1">44636</td></tr><tr><th colspan="4">TestsOnChrome &#8212; passed</th></tr><tr class="passedeven"><td rowspan="1">com.tripadvisor.webapp.tests.FunctionalTest</td><td><a href="#m3">TC_TripAdvisor_PuneHomePage_002</a></td><td rowspan="1">1684411393111</td><td rowspan="1">35628</td></tr><tr class="passedodd"><td rowspan="3">com.tripadvisor.webapp.tests.HomePageTest</td><td><a href="#m4">TC_TripAdvisor_HomePage_001</a></td><td rowspan="1">1684411117539</td><td rowspan="1">4317</td></tr><tr class="passedodd"><td><a href="#m5">TC_TripAdvisor_HomePage_002</a></td><td rowspan="1">1684411129527</td><td rowspan="1">153</td></tr><tr class="passedodd"><td><a href="#m6">TC_TripAdvisor_HomePage_003</a></td><td rowspan="1">1684411133127</td><td rowspan="1">78</td></tr><tr class="passedeven"><td rowspan="2">com.tripadvisor.webapp.tests.PuneHomePageTest</td><td><a href="#m7">TC_TripAdvisor_PuneHomePage_001</a></td><td rowspan="1">1684411362043</td><td rowspan="1">10307</td></tr><tr class="passedeven"><td><a href="#m8">TC_TripAdvisor_PuneHomePage_002</a></td><td rowspan="1">1684411376188</td><td rowspan="1">12223</td></tr><tr class="passedodd"><td rowspan="8">com.tripadvisor.webapp.tests.SignInPageTest</td><td><a href="#m9">TC_TripAdvisor_SignInPage_001</a></td><td rowspan="1">1684411136610</td><td rowspan="1">4981</td></tr><tr class="passedodd"><td><a href="#m10">TC_TripAdvisor_SignInPage_002</a></td><td rowspan="1">1684411147119</td><td rowspan="1">10693</td></tr><tr class="passedodd"><td><a href="#m11">TC_TripAdvisor_SignInPage_004</a></td><td rowspan="1">1684411203054</td><td rowspan="1">5316</td></tr><tr class="passedodd"><td><a href="#m12">TC_TripAdvisor_SignInPage_005</a></td><td rowspan="1">1684411212180</td><td rowspan="1">6084</td></tr><tr class="passedodd"><td><a href="#m13">TC_TripAdvisor_SignInPage_006</a></td><td rowspan="1">1684411226101</td><td rowspan="1">9612</td></tr><tr class="passedodd"><td><a href="#m14">TC_TripAdvisor_SignInPage_Negative_007</a></td><td rowspan="2">1684411246789</td><td rowspan="2">12182</td></tr><tr class="passedodd"><td><a href="#m15">TC_TripAdvisor_SignInPage_Negative_007</a></td></tr><tr class="passedodd"><td><a href="#m16">TC_TripAdvisor_SignInPage_Negative_008</a></td><td rowspan="1">1684411282333</td><td rowspan="1">10937</td></tr></tbody>
<tbody id="t1"><tr><th colspan="4">TestsOnEdge &#8212; failed</th></tr><tr class="failedeven"><td rowspan="1">com.tripadvisor.webapp.tests.FunctionalTest</td><td><a href="#m17">TC_TripAdvisor_PuneHomePage_002</a></td><td rowspan="1">1684411453143</td><td rowspan="1">36713</td></tr><tr class="failedodd"><td rowspan="2">com.tripadvisor.webapp.tests.SignInPageTest</td><td><a href="#m18">TC_TripAdvisor_SignInPage_003</a></td><td rowspan="1">1684411176095</td><td rowspan="1">38695</td></tr><tr class="failedodd"><td><a href="#m19">TC_TripAdvisor_SignInPage_Negative_009</a></td><td rowspan="1">1684411330810</td><td rowspan="1">8811</td></tr><tr class="failedeven"><td rowspan="1">com.tripadvisor.webapp.tests.UserHomePageTest</td><td><a href="#m20">TC_TripAdvisor_UserHomePage_002</a></td><td rowspan="1">1684411346252</td><td rowspan="1">39777</td></tr><tr><th colspan="4">TestsOnEdge &#8212; passed</th></tr><tr class="passedeven"><td rowspan="3">com.tripadvisor.webapp.tests.HomePageTest</td><td><a href="#m21">TC_TripAdvisor_HomePage_001</a></td><td rowspan="1">1684411120000</td><td rowspan="1">3916</td></tr><tr class="passedeven"><td><a href="#m22">TC_TripAdvisor_HomePage_002</a></td><td rowspan="1">1684411132558</td><td rowspan="1">116</td></tr><tr class="passedeven"><td><a href="#m23">TC_TripAdvisor_HomePage_003</a></td><td rowspan="1">1684411137789</td><td rowspan="1">155</td></tr><tr class="passedodd"><td rowspan="2">com.tripadvisor.webapp.tests.PuneHomePageTest</td><td><a href="#m24">TC_TripAdvisor_PuneHomePage_001</a></td><td rowspan="1">1684411393237</td><td rowspan="1">38054</td></tr><tr class="passedodd"><td><a href="#m25">TC_TripAdvisor_PuneHomePage_002</a></td><td rowspan="1">1684411436224</td><td rowspan="1">11191</td></tr><tr class="passedeven"><td rowspan="8">com.tripadvisor.webapp.tests.SignInPageTest</td><td><a href="#m26">TC_TripAdvisor_SignInPage_001</a></td><td rowspan="1">1684411143503</td><td rowspan="1">6414</td></tr><tr class="passedeven"><td><a href="#m27">TC_TripAdvisor_SignInPage_002</a></td><td rowspan="1">1684411157782</td><td rowspan="1">8668</td></tr><tr class="passedeven"><td><a href="#m28">TC_TripAdvisor_SignInPage_004</a></td><td rowspan="1">1684411222083</td><td rowspan="1">5782</td></tr><tr class="passedeven"><td><a href="#m29">TC_TripAdvisor_SignInPage_005</a></td><td rowspan="1">1684411236452</td><td rowspan="1">11620</td></tr><tr class="passedeven"><td><a href="#m30">TC_TripAdvisor_SignInPage_006</a></td><td rowspan="1">1684411256940</td><td rowspan="1">14776</td></tr><tr class="passedeven"><td><a href="#m31">TC_TripAdvisor_SignInPage_Negative_007</a></td><td rowspan="2">1684411299633</td><td rowspan="2">9826</td></tr><tr class="passedeven"><td><a href="#m32">TC_TripAdvisor_SignInPage_Negative_007</a></td></tr><tr class="passedeven"><td><a href="#m33">TC_TripAdvisor_SignInPage_Negative_008</a></td><td rowspan="1">1684411315038</td><td rowspan="1">9657</td></tr></tbody>
</table>
<h2>TestsOnChrome</h2><h3 id="m0">com.tripadvisor.webapp.tests.SignInPageTest#TC_TripAdvisor_SignInPage_003</h3><table class="result"><tr><th>Messages</th></tr><tr><td><div class="messages"><a href=F:\VrushaliTestingData\FinalGitHubProjects\TestingTripAdvisor/screenshots/Thu_May_18_17_29_59_IST_2023_1684411199423.png>FailedTest Screenshot </a></div></td></tr><tr><th>Exception</th></tr><tr><td><div class="stacktrace">org.openqa.selenium.TimeoutException: Expected condition failed: waiting for visibility of Proxy element for: DefaultElementLocator &apos;By.cssSelector: button[id=&apos;facebookBtn&apos;]&apos; (tried for 30 second(s) with 500 milliseconds interval)
	at org.openqa.selenium.support.ui.WebDriverWait.timeoutException(WebDriverWait.java:87)
	at org.openqa.selenium.support.ui.FluentWait.until(FluentWait.java:231)
	at com.tripadvisor.webapp.base.BasePage.waitForElementToBePresent(BasePage.java:59)
	at com.tripadvisor.webapp.pages.SignInPage.textOnContinueWithFacebook(SignInPage.java:69)
	at com.tripadvisor.webapp.tests.SignInPageTest.TC_TripAdvisor_SignInPage_003(SignInPageTest.java:71)
	at java.base/java.util.ArrayList.forEach(ArrayList.java:1541)
	at java.base/java.util.concurrent.FutureTask.run(FutureTask.java:264)
	at java.base/java.util.concurrent.ThreadPoolExecutor.runWorker(ThreadPoolExecutor.java:1128)
	at java.base/java.util.concurrent.ThreadPoolExecutor$Worker.run(ThreadPoolExecutor.java:628)
	at java.base/java.lang.Thread.run(Thread.java:834)
Caused by: org.openqa.selenium.NoSuchElementException: no such element: Unable to locate element: {&quot;method&quot;:&quot;css selector&quot;,&quot;selector&quot;:&quot;button[id=&apos;facebookBtn&apos;]&quot;}
  (Session info: chrome=113.0.5672.94)
For documentation on this error, please visit: https://selenium.dev/exceptions/#no_such_element
Build info: version: &apos;4.4.0&apos;, revision: &apos;e5c75ed026a&apos;
System info: host: &apos;DESKTOP-6JUGJ4I&apos;, ip: &apos;192.168.0.103&apos;, os.name: &apos;Windows 11&apos;, os.arch: &apos;amd64&apos;, os.version: &apos;10.0&apos;, java.version: &apos;11.0.15.1&apos;
Driver info: org.openqa.selenium.chrome.ChromeDriver
Command: [53490639eb9f3992cb728d55e7710d0b, findElement {using=css selector, value=button[id=&apos;facebookBtn&apos;]}]
Capabilities {acceptInsecureCerts: false, browserName: chrome, browserVersion: 113.0.5672.94, chrome: {chromedriverVersion: 113.0.5672.63 (0e1a4471d5ae..., userDataDir: C:\Users\Sachin\AppData\Loc...}, goog:chromeOptions: {debuggerAddress: localhost:64216}, networkConnectionEnabled: false, pageLoadStrategy: normal, platformName: WINDOWS, proxy: Proxy(), se:cdp: ws://localhost:64216/devtoo..., se:cdpVersion: 113.0.5672.94, setWindowRect: true, strictFileInteractability: false, timeouts: {implicit: 0, pageLoad: 300000, script: 30000}, unhandledPromptBehavior: dismiss and notify, webauthn:extension:credBlob: true, webauthn:extension:largeBlob: true, webauthn:extension:minPinLength: true, webauthn:extension:prf: true, webauthn:virtualAuthenticators: true}
Session ID: 53490639eb9f3992cb728d55e7710d0b
	at org.openqa.selenium.remote.codec.w3c.W3CHttpResponseCodec.createException(W3CHttpResponseCodec.java:200)
	at org.openqa.selenium.remote.codec.w3c.W3CHttpResponseCodec.decode(W3CHttpResponseCodec.java:133)
	at org.openqa.selenium.remote.codec.w3c.W3CHttpResponseCodec.decode(W3CHttpResponseCodec.java:53)
	at org.openqa.selenium.remote.HttpCommandExecutor.execute(HttpCommandExecutor.java:184)
	at org.openqa.selenium.remote.service.DriverCommandExecutor.invokeExecute(DriverCommandExecutor.java:167)
	at org.openqa.selenium.remote.service.DriverCommandExecutor.execute(DriverCommandExecutor.java:142)
	at org.openqa.selenium.remote.RemoteWebDriver.execute(RemoteWebDriver.java:547)
	at org.openqa.selenium.remote.ElementLocation$ElementFinder$2.findElement(ElementLocation.java:162)
	at org.openqa.selenium.remote.ElementLocation.findElement(ElementLocation.java:60)
	at org.openqa.selenium.remote.RemoteWebDriver.findElement(RemoteWebDriver.java:365)
	at org.openqa.selenium.remote.RemoteWebDriver.findElement(RemoteWebDriver.java:357)
	at org.openqa.selenium.support.pagefactory.DefaultElementLocator.findElement(DefaultElementLocator.java:70)
	at org.openqa.selenium.support.pagefactory.internal.LocatingElementHandler.invoke(LocatingElementHandler.java:39)
	at com.sun.proxy.$Proxy18.isDisplayed(Unknown Source)
	at org.openqa.selenium.support.ui.ExpectedConditions.elementIfVisible(ExpectedConditions.java:307)
	at org.openqa.selenium.support.ui.ExpectedConditions.access$000(ExpectedConditions.java:40)
	at org.openqa.selenium.support.ui.ExpectedConditions$10.apply(ExpectedConditions.java:293)
	at org.openqa.selenium.support.ui.ExpectedConditions$10.apply(ExpectedConditions.java:290)
	at org.openqa.selenium.support.ui.FluentWait.until(FluentWait.java:208)
	... 26 more
... Removed 21 stack frames</div></td></tr></table><p class="totop"><a href="#summary">back to summary</a></p>
<h3 id="m1">com.tripadvisor.webapp.tests.SignInPageTest#TC_TripAdvisor_SignInPage_Negative_009</h3><table class="result"><tr><th>Messages</th></tr><tr><td><div class="messages"><a href=F:\VrushaliTestingData\FinalGitHubProjects\TestingTripAdvisor/screenshots/Thu_May_18_17_31_48_IST_2023_1684411308715.png>FailedTest Screenshot </a></div></td></tr><tr><th>Exception</th></tr><tr><td><div class="stacktrace">java.lang.AssertionError: Some error in login page expected [Your password should be at least 6 characters long.] but found [Your password must be at least 10 characters. Please try again.]
	at com.tripadvisor.webapp.tests.SignInPageTest.TC_TripAdvisor_SignInPage_Negative_009(SignInPageTest.java:178)
	at java.base/java.util.ArrayList.forEach(ArrayList.java:1541)
	at java.base/java.util.concurrent.FutureTask.run(FutureTask.java:264)
	at java.base/java.util.concurrent.ThreadPoolExecutor.runWorker(ThreadPoolExecutor.java:1128)
	at java.base/java.util.concurrent.ThreadPoolExecutor$Worker.run(ThreadPoolExecutor.java:628)
	at java.base/java.lang.Thread.run(Thread.java:834)
... Removed 23 stack frames</div></td></tr></table><p class="totop"><a href="#summary">back to summary</a></p>
<h3 id="m2">com.tripadvisor.webapp.tests.UserHomePageTest#TC_TripAdvisor_UserHomePage_002</h3><table class="result"><tr><th>Messages</th></tr><tr><td><div class="messages"><a href=F:\VrushaliTestingData\FinalGitHubProjects\TestingTripAdvisor/screenshots/Thu_May_18_17_32_37_IST_2023_1684411357697.png>FailedTest Screenshot </a></div></td></tr><tr><th>Exception</th></tr><tr><td><div class="stacktrace">org.openqa.selenium.TimeoutException: Expected condition failed: waiting for number of elements found by By.cssSelector: div[id=&apos;typeahead_results&apos;]&gt;a&gt;div:nth-of-type(2)&gt;div:nth-of-type(1) to be &quot;5&quot;. Current number: &quot;6&quot; (tried for 30 second(s) with 500 milliseconds interval)
Build info: version: &apos;4.4.0&apos;, revision: &apos;e5c75ed026a&apos;
System info: host: &apos;DESKTOP-6JUGJ4I&apos;, ip: &apos;192.168.0.103&apos;, os.name: &apos;Windows 11&apos;, os.arch: &apos;amd64&apos;, os.version: &apos;10.0&apos;, java.version: &apos;11.0.15.1&apos;
Driver info: org.openqa.selenium.chrome.ChromeDriver
Capabilities {acceptInsecureCerts: false, browserName: chrome, browserVersion: 113.0.5672.94, chrome: {chromedriverVersion: 113.0.5672.63 (0e1a4471d5ae..., userDataDir: C:\Users\Sachin\AppData\Loc...}, goog:chromeOptions: {debuggerAddress: localhost:50162}, networkConnectionEnabled: false, pageLoadStrategy: normal, platformName: WINDOWS, proxy: Proxy(), se:cdp: ws://localhost:50162/devtoo..., se:cdpVersion: 113.0.5672.94, setWindowRect: true, strictFileInteractability: false, timeouts: {implicit: 0, pageLoad: 300000, script: 30000}, unhandledPromptBehavior: dismiss and notify, webauthn:extension:credBlob: true, webauthn:extension:largeBlob: true, webauthn:extension:minPinLength: true, webauthn:extension:prf: true, webauthn:virtualAuthenticators: true}
Session ID: fd0290f3f9ac0f259a906dff7a3bb5a2
	at org.openqa.selenium.support.ui.WebDriverWait.timeoutException(WebDriverWait.java:87)
	at org.openqa.selenium.support.ui.FluentWait.until(FluentWait.java:231)
	at com.tripadvisor.webapp.base.BasePage.waitForElementsToBePresentByLocator(BasePage.java:126)
	at com.tripadvisor.webapp.pages.UserHomePage.searchPerticularCityThingsToDo(UserHomePage.java:122)
	at com.tripadvisor.webapp.tests.UserHomePageTest.TC_TripAdvisor_UserHomePage_002(UserHomePageTest.java:58)
	at java.base/java.util.ArrayList.forEach(ArrayList.java:1541)
	at java.base/java.util.concurrent.FutureTask.run(FutureTask.java:264)
	at java.base/java.util.concurrent.ThreadPoolExecutor.runWorker(ThreadPoolExecutor.java:1128)
	at java.base/java.util.concurrent.ThreadPoolExecutor$Worker.run(ThreadPoolExecutor.java:628)
	at java.base/java.lang.Thread.run(Thread.java:834)
... Removed 18 stack frames</div></td></tr></table><p class="totop"><a href="#summary">back to summary</a></p>
<h3 id="m3">com.tripadvisor.webapp.tests.FunctionalTest#TC_TripAdvisor_PuneHomePage_002</h3><table class="result"><tr><th class="invisible"/></tr></table><p class="totop"><a href="#summary">back to summary</a></p>
<h3 id="m4">com.tripadvisor.webapp.tests.HomePageTest#TC_TripAdvisor_HomePage_001</h3><table class="result"><tr><th class="invisible"/></tr></table><p class="totop"><a href="#summary">back to summary</a></p>
<h3 id="m5">com.tripadvisor.webapp.tests.HomePageTest#TC_TripAdvisor_HomePage_002</h3><table class="result"><tr><th class="invisible"/></tr></table><p class="totop"><a href="#summary">back to summary</a></p>
<h3 id="m6">com.tripadvisor.webapp.tests.HomePageTest#TC_TripAdvisor_HomePage_003</h3><table class="result"><tr><th class="invisible"/></tr></table><p class="totop"><a href="#summary">back to summary</a></p>
<h3 id="m7">com.tripadvisor.webapp.tests.PuneHomePageTest#TC_TripAdvisor_PuneHomePage_001</h3><table class="result"><tr><th class="invisible"/></tr></table><p class="totop"><a href="#summary">back to summary</a></p>
<h3 id="m8">com.tripadvisor.webapp.tests.PuneHomePageTest#TC_TripAdvisor_PuneHomePage_002</h3><table class="result"><tr><th class="invisible"/></tr></table><p class="totop"><a href="#summary">back to summary</a></p>
<h3 id="m9">com.tripadvisor.webapp.tests.SignInPageTest#TC_TripAdvisor_SignInPage_001</h3><table class="result"><tr><th class="invisible"/></tr></table><p class="totop"><a href="#summary">back to summary</a></p>
<h3 id="m10">com.tripadvisor.webapp.tests.SignInPageTest#TC_TripAdvisor_SignInPage_002</h3><table class="result"><tr><th class="invisible"/></tr></table><p class="totop"><a href="#summary">back to summary</a></p>
<h3 id="m11">com.tripadvisor.webapp.tests.SignInPageTest#TC_TripAdvisor_SignInPage_004</h3><table class="result"><tr><th class="invisible"/></tr></table><p class="totop"><a href="#summary">back to summary</a></p>
<h3 id="m12">com.tripadvisor.webapp.tests.SignInPageTest#TC_TripAdvisor_SignInPage_005</h3><table class="result"><tr><th class="invisible"/></tr></table><p class="totop"><a href="#summary">back to summary</a></p>
<h3 id="m13">com.tripadvisor.webapp.tests.SignInPageTest#TC_TripAdvisor_SignInPage_006</h3><table class="result"><tr><th class="invisible"/></tr></table><p class="totop"><a href="#summary">back to summary</a></p>
<h3 id="m14">com.tripadvisor.webapp.tests.SignInPageTest#TC_TripAdvisor_SignInPage_Negative_007</h3><table class="result"><tr class="param"><th>Parameter #1</th></tr><tr class="param stripe"><td>&lt;xml-fragment r=&quot;1&quot; spans=&quot;1:2&quot; xmlns:r=&quot;http://schemas.openxmlformats.org/officeDocument/2006/relationships&quot; xmlns:main=&quot;http://schemas.openxmlformats.org/spreadsheetml/2006/main&quot;&gt;
  &lt;main:c r=&quot;A1&quot; t=&quot;s&quot;&gt;
    &lt;main:v&gt;0&lt;/main:v&gt;
  &lt;/main:c&gt;
  &lt;main:c r=&quot;B1&quot; t=&quot;s&quot;&gt;
    &lt;main:v&gt;1&lt;/main:v&gt;
  &lt;/main:c&gt;
&lt;/xml-fragment&gt;</td></tr></table><p class="totop"><a href="#summary">back to summary</a></p>
<h3 id="m15">com.tripadvisor.webapp.tests.SignInPageTest#TC_TripAdvisor_SignInPage_Negative_007</h3><table class="result"><tr class="param"><th>Parameter #1</th></tr><tr class="param stripe"><td>&lt;xml-fragment r=&quot;2&quot; spans=&quot;1:2&quot; xmlns:r=&quot;http://schemas.openxmlformats.org/officeDocument/2006/relationships&quot; xmlns:main=&quot;http://schemas.openxmlformats.org/spreadsheetml/2006/main&quot;&gt;
  &lt;main:c r=&quot;A2&quot; s=&quot;1&quot; t=&quot;s&quot;&gt;
    &lt;main:v&gt;2&lt;/main:v&gt;
  &lt;/main:c&gt;
  &lt;main:c r=&quot;B2&quot; t=&quot;s&quot;&gt;
    &lt;main:v&gt;3&lt;/main:v&gt;
  &lt;/main:c&gt;
&lt;/xml-fragment&gt;</td></tr></table><p class="totop"><a href="#summary">back to summary</a></p>
<h3 id="m16">com.tripadvisor.webapp.tests.SignInPageTest#TC_TripAdvisor_SignInPage_Negative_008</h3><table class="result"><tr><th class="invisible"/></tr></table><p class="totop"><a href="#summary">back to summary</a></p>
<h2>TestsOnEdge</h2><h3 id="m17">com.tripadvisor.webapp.tests.FunctionalTest#TC_TripAdvisor_PuneHomePage_002</h3><table class="result"><tr><th>Messages</th></tr><tr><td><div class="messages"><a href=F:\VrushaliTestingData\FinalGitHubProjects\TestingTripAdvisor/screenshots/Thu_May_18_17_34_49_IST_2023_1684411490064.png>FailedTest Screenshot </a></div></td></tr><tr><th>Exception</th></tr><tr><td><div class="stacktrace">org.openqa.selenium.TimeoutException: Expected condition failed: waiting for element to be clickable: Proxy element for: DefaultElementLocator &apos;By.cssSelector: div[class=&apos;slvrn Z0 Wh EcFTp&apos;]&gt;form&gt;input[type=&apos;search&apos;]&apos; (tried for 30 second(s) with 500 milliseconds interval)
	at org.openqa.selenium.support.ui.WebDriverWait.timeoutException(WebDriverWait.java:87)
	at org.openqa.selenium.support.ui.FluentWait.until(FluentWait.java:231)
	at com.tripadvisor.webapp.base.BasePage.waitForElementToBeClickable(BasePage.java:102)
	at com.tripadvisor.webapp.pages.UserHomePage.searchPerticularCity(UserHomePage.java:84)
	at com.tripadvisor.webapp.tests.FunctionalTest.TC_TripAdvisor_PuneHomePage_002(FunctionalTest.java:46)
	at java.base/java.util.ArrayList.forEach(ArrayList.java:1541)
	at java.base/java.util.concurrent.FutureTask.run(FutureTask.java:264)
	at java.base/java.util.concurrent.ThreadPoolExecutor.runWorker(ThreadPoolExecutor.java:1128)
	at java.base/java.util.concurrent.ThreadPoolExecutor$Worker.run(ThreadPoolExecutor.java:628)
	at java.base/java.lang.Thread.run(Thread.java:834)
Caused by: org.openqa.selenium.NoSuchElementException: no such element: Unable to locate element: {&quot;method&quot;:&quot;css selector&quot;,&quot;selector&quot;:&quot;div[class=&apos;slvrn Z0 Wh EcFTp&apos;]&gt;form&gt;input[type=&apos;search&apos;]&quot;}
  (Session info: MicrosoftEdge=113.0.1774.42)
For documentation on this error, please visit: https://selenium.dev/exceptions/#no_such_element
Build info: version: &apos;4.4.0&apos;, revision: &apos;e5c75ed026a&apos;
System info: host: &apos;DESKTOP-6JUGJ4I&apos;, ip: &apos;192.168.0.103&apos;, os.name: &apos;Windows 11&apos;, os.arch: &apos;amd64&apos;, os.version: &apos;10.0&apos;, java.version: &apos;11.0.15.1&apos;
Driver info: org.openqa.selenium.edge.EdgeDriver
Command: [91a86182a4d47c67fba4659606f715ad, findElement {using=css selector, value=div[class=&apos;slvrn Z0 Wh EcFTp&apos;]&gt;form&gt;input[type=&apos;search&apos;]}]
Capabilities {acceptInsecureCerts: false, browserName: msedge, browserVersion: 113.0.1774.42, ms:edgeOptions: {debuggerAddress: localhost:51730}, msedge: {msedgedriverVersion: 113.0.1774.42 (881f34180765..., userDataDir: C:\Users\Sachin\AppData\Loc...}, networkConnectionEnabled: false, pageLoadStrategy: normal, platformName: WINDOWS, proxy: Proxy(), se:cdp: ws://localhost:51730/devtoo..., se:cdpVersion: 113.0.1774.42, setWindowRect: true, strictFileInteractability: false, timeouts: {implicit: 0, pageLoad: 300000, script: 30000}, unhandledPromptBehavior: dismiss and notify, webauthn:extension:credBlob: true, webauthn:extension:largeBlob: true, webauthn:extension:minPinLength: true, webauthn:extension:prf: true, webauthn:virtualAuthenticators: true}
Session ID: 91a86182a4d47c67fba4659606f715ad
	at org.openqa.selenium.remote.codec.w3c.W3CHttpResponseCodec.createException(W3CHttpResponseCodec.java:200)
	at org.openqa.selenium.remote.codec.w3c.W3CHttpResponseCodec.decode(W3CHttpResponseCodec.java:133)
	at org.openqa.selenium.remote.codec.w3c.W3CHttpResponseCodec.decode(W3CHttpResponseCodec.java:53)
	at org.openqa.selenium.remote.HttpCommandExecutor.execute(HttpCommandExecutor.java:184)
	at org.openqa.selenium.remote.service.DriverCommandExecutor.invokeExecute(DriverCommandExecutor.java:167)
	at org.openqa.selenium.remote.service.DriverCommandExecutor.execute(DriverCommandExecutor.java:142)
	at org.openqa.selenium.remote.RemoteWebDriver.execute(RemoteWebDriver.java:547)
	at org.openqa.selenium.remote.ElementLocation$ElementFinder$2.findElement(ElementLocation.java:162)
	at org.openqa.selenium.remote.ElementLocation.findElement(ElementLocation.java:60)
	at org.openqa.selenium.remote.RemoteWebDriver.findElement(RemoteWebDriver.java:365)
	at org.openqa.selenium.remote.RemoteWebDriver.findElement(RemoteWebDriver.java:357)
	at org.openqa.selenium.support.pagefactory.DefaultElementLocator.findElement(DefaultElementLocator.java:70)
	at org.openqa.selenium.support.pagefactory.internal.LocatingElementHandler.invoke(LocatingElementHandler.java:39)
	at com.sun.proxy.$Proxy18.isDisplayed(Unknown Source)
	at org.openqa.selenium.support.ui.ExpectedConditions.elementIfVisible(ExpectedConditions.java:307)
	at org.openqa.selenium.support.ui.ExpectedConditions.access$000(ExpectedConditions.java:40)
	at org.openqa.selenium.support.ui.ExpectedConditions$10.apply(ExpectedConditions.java:293)
	at org.openqa.selenium.support.ui.ExpectedConditions$10.apply(ExpectedConditions.java:290)
	at org.openqa.selenium.support.ui.ExpectedConditions$23.apply(ExpectedConditions.java:660)
	at org.openqa.selenium.support.ui.ExpectedConditions$23.apply(ExpectedConditions.java:656)
	at org.openqa.selenium.support.ui.FluentWait.until(FluentWait.java:208)
	... 26 more
... Removed 21 stack frames</div></td></tr></table><p class="totop"><a href="#summary">back to summary</a></p>
<h3 id="m18">com.tripadvisor.webapp.tests.SignInPageTest#TC_TripAdvisor_SignInPage_003</h3><table class="result"><tr><th>Messages</th></tr><tr><td><div class="messages"><a href=F:\VrushaliTestingData\FinalGitHubProjects\TestingTripAdvisor/screenshots/Thu_May_18_17_30_14_IST_2023_1684411215276.png>FailedTest Screenshot </a></div></td></tr><tr><th>Exception</th></tr><tr><td><div class="stacktrace">org.openqa.selenium.TimeoutException: Expected condition failed: waiting for visibility of Proxy element for: DefaultElementLocator &apos;By.cssSelector: button[id=&apos;facebookBtn&apos;]&apos; (tried for 30 second(s) with 500 milliseconds interval)
	at org.openqa.selenium.support.ui.WebDriverWait.timeoutException(WebDriverWait.java:87)
	at org.openqa.selenium.support.ui.FluentWait.until(FluentWait.java:231)
	at com.tripadvisor.webapp.base.BasePage.waitForElementToBePresent(BasePage.java:59)
	at com.tripadvisor.webapp.pages.SignInPage.textOnContinueWithFacebook(SignInPage.java:69)
	at com.tripadvisor.webapp.tests.SignInPageTest.TC_TripAdvisor_SignInPage_003(SignInPageTest.java:71)
	at java.base/java.util.ArrayList.forEach(ArrayList.java:1541)
	at java.base/java.util.concurrent.FutureTask.run(FutureTask.java:264)
	at java.base/java.util.concurrent.ThreadPoolExecutor.runWorker(ThreadPoolExecutor.java:1128)
	at java.base/java.util.concurrent.ThreadPoolExecutor$Worker.run(ThreadPoolExecutor.java:628)
	at java.base/java.lang.Thread.run(Thread.java:834)
Caused by: org.openqa.selenium.NoSuchElementException: no such element: Unable to locate element: {&quot;method&quot;:&quot;css selector&quot;,&quot;selector&quot;:&quot;button[id=&apos;facebookBtn&apos;]&quot;}
  (Session info: MicrosoftEdge=113.0.1774.42)
For documentation on this error, please visit: https://selenium.dev/exceptions/#no_such_element
Build info: version: &apos;4.4.0&apos;, revision: &apos;e5c75ed026a&apos;
System info: host: &apos;DESKTOP-6JUGJ4I&apos;, ip: &apos;192.168.0.103&apos;, os.name: &apos;Windows 11&apos;, os.arch: &apos;amd64&apos;, os.version: &apos;10.0&apos;, java.version: &apos;11.0.15.1&apos;
Driver info: org.openqa.selenium.edge.EdgeDriver
Command: [c4b7b4a61f301a6937a2ff52008e1a8b, findElement {using=css selector, value=button[id=&apos;facebookBtn&apos;]}]
Capabilities {acceptInsecureCerts: false, browserName: msedge, browserVersion: 113.0.1774.42, ms:edgeOptions: {debuggerAddress: localhost:64386}, msedge: {msedgedriverVersion: 113.0.1774.42 (881f34180765..., userDataDir: C:\Users\Sachin\AppData\Loc...}, networkConnectionEnabled: false, pageLoadStrategy: normal, platformName: WINDOWS, proxy: Proxy(), se:cdp: ws://localhost:64386/devtoo..., se:cdpVersion: 113.0.1774.42, setWindowRect: true, strictFileInteractability: false, timeouts: {implicit: 0, pageLoad: 300000, script: 30000}, unhandledPromptBehavior: dismiss and notify, webauthn:extension:credBlob: true, webauthn:extension:largeBlob: true, webauthn:extension:minPinLength: true, webauthn:extension:prf: true, webauthn:virtualAuthenticators: true}
Session ID: c4b7b4a61f301a6937a2ff52008e1a8b
	at org.openqa.selenium.remote.codec.w3c.W3CHttpResponseCodec.createException(W3CHttpResponseCodec.java:200)
	at org.openqa.selenium.remote.codec.w3c.W3CHttpResponseCodec.decode(W3CHttpResponseCodec.java:133)
	at org.openqa.selenium.remote.codec.w3c.W3CHttpResponseCodec.decode(W3CHttpResponseCodec.java:53)
	at org.openqa.selenium.remote.HttpCommandExecutor.execute(HttpCommandExecutor.java:184)
	at org.openqa.selenium.remote.service.DriverCommandExecutor.invokeExecute(DriverCommandExecutor.java:167)
	at org.openqa.selenium.remote.service.DriverCommandExecutor.execute(DriverCommandExecutor.java:142)
	at org.openqa.selenium.remote.RemoteWebDriver.execute(RemoteWebDriver.java:547)
	at org.openqa.selenium.remote.ElementLocation$ElementFinder$2.findElement(ElementLocation.java:162)
	at org.openqa.selenium.remote.ElementLocation.findElement(ElementLocation.java:60)
	at org.openqa.selenium.remote.RemoteWebDriver.findElement(RemoteWebDriver.java:365)
	at org.openqa.selenium.remote.RemoteWebDriver.findElement(RemoteWebDriver.java:357)
	at org.openqa.selenium.support.pagefactory.DefaultElementLocator.findElement(DefaultElementLocator.java:70)
	at org.openqa.selenium.support.pagefactory.internal.LocatingElementHandler.invoke(LocatingElementHandler.java:39)
	at com.sun.proxy.$Proxy18.isDisplayed(Unknown Source)
	at org.openqa.selenium.support.ui.ExpectedConditions.elementIfVisible(ExpectedConditions.java:307)
	at org.openqa.selenium.support.ui.ExpectedConditions.access$000(ExpectedConditions.java:40)
	at org.openqa.selenium.support.ui.ExpectedConditions$10.apply(ExpectedConditions.java:293)
	at org.openqa.selenium.support.ui.ExpectedConditions$10.apply(ExpectedConditions.java:290)
	at org.openqa.selenium.support.ui.FluentWait.until(FluentWait.java:208)
	... 26 more
... Removed 21 stack frames</div></td></tr></table><p class="totop"><a href="#summary">back to summary</a></p>
<h3 id="m19">com.tripadvisor.webapp.tests.SignInPageTest#TC_TripAdvisor_SignInPage_Negative_009</h3><table class="result"><tr><th>Messages</th></tr><tr><td><div class="messages"><a href=F:\VrushaliTestingData\FinalGitHubProjects\TestingTripAdvisor/screenshots/Thu_May_18_17_32_19_IST_2023_1684411339824.png>FailedTest Screenshot </a></div></td></tr><tr><th>Exception</th></tr><tr><td><div class="stacktrace">java.lang.AssertionError: Some error in login page expected [Your password should be at least 6 characters long.] but found [Your password must be at least 10 characters. Please try again.]
	at com.tripadvisor.webapp.tests.SignInPageTest.TC_TripAdvisor_SignInPage_Negative_009(SignInPageTest.java:178)
	at java.base/java.util.ArrayList.forEach(ArrayList.java:1541)
	at java.base/java.util.concurrent.FutureTask.run(FutureTask.java:264)
	at java.base/java.util.concurrent.ThreadPoolExecutor.runWorker(ThreadPoolExecutor.java:1128)
	at java.base/java.util.concurrent.ThreadPoolExecutor$Worker.run(ThreadPoolExecutor.java:628)
	at java.base/java.lang.Thread.run(Thread.java:834)
... Removed 23 stack frames</div></td></tr></table><p class="totop"><a href="#summary">back to summary</a></p>
<h3 id="m20">com.tripadvisor.webapp.tests.UserHomePageTest#TC_TripAdvisor_UserHomePage_002</h3><table class="result"><tr><th>Messages</th></tr><tr><td><div class="messages"><a href=F:\VrushaliTestingData\FinalGitHubProjects\TestingTripAdvisor/screenshots/Thu_May_18_17_33_06_IST_2023_1684411386400.png>FailedTest Screenshot </a></div></td></tr><tr><th>Exception</th></tr><tr><td><div class="stacktrace">org.openqa.selenium.TimeoutException: Expected condition failed: waiting for number of elements found by By.cssSelector: div[id=&apos;typeahead_results&apos;]&gt;a&gt;div:nth-of-type(2)&gt;div:nth-of-type(1) to be &quot;5&quot;. Current number: &quot;6&quot; (tried for 30 second(s) with 500 milliseconds interval)
Build info: version: &apos;4.4.0&apos;, revision: &apos;e5c75ed026a&apos;
System info: host: &apos;DESKTOP-6JUGJ4I&apos;, ip: &apos;192.168.0.103&apos;, os.name: &apos;Windows 11&apos;, os.arch: &apos;amd64&apos;, os.version: &apos;10.0&apos;, java.version: &apos;11.0.15.1&apos;
Driver info: org.openqa.selenium.edge.EdgeDriver
Capabilities {acceptInsecureCerts: false, browserName: msedge, browserVersion: 113.0.1774.42, ms:edgeOptions: {debuggerAddress: localhost:50608}, msedge: {msedgedriverVersion: 113.0.1774.42 (881f34180765..., userDataDir: C:\Users\Sachin\AppData\Loc...}, networkConnectionEnabled: false, pageLoadStrategy: normal, platformName: WINDOWS, proxy: Proxy(), se:cdp: ws://localhost:50608/devtoo..., se:cdpVersion: 113.0.1774.42, setWindowRect: true, strictFileInteractability: false, timeouts: {implicit: 0, pageLoad: 300000, script: 30000}, unhandledPromptBehavior: dismiss and notify, webauthn:extension:credBlob: true, webauthn:extension:largeBlob: true, webauthn:extension:minPinLength: true, webauthn:extension:prf: true, webauthn:virtualAuthenticators: true}
Session ID: c2faf42d6bcdc27c2d4ee8db242ffdd2
	at org.openqa.selenium.support.ui.WebDriverWait.timeoutException(WebDriverWait.java:87)
	at org.openqa.selenium.support.ui.FluentWait.until(FluentWait.java:231)
	at com.tripadvisor.webapp.base.BasePage.waitForElementsToBePresentByLocator(BasePage.java:126)
	at com.tripadvisor.webapp.pages.UserHomePage.searchPerticularCityThingsToDo(UserHomePage.java:122)
	at com.tripadvisor.webapp.tests.UserHomePageTest.TC_TripAdvisor_UserHomePage_002(UserHomePageTest.java:58)
	at java.base/java.util.ArrayList.forEach(ArrayList.java:1541)
	at java.base/java.util.concurrent.FutureTask.run(FutureTask.java:264)
	at java.base/java.util.concurrent.ThreadPoolExecutor.runWorker(ThreadPoolExecutor.java:1128)
	at java.base/java.util.concurrent.ThreadPoolExecutor$Worker.run(ThreadPoolExecutor.java:628)
	at java.base/java.lang.Thread.run(Thread.java:834)
... Removed 18 stack frames</div></td></tr></table><p class="totop"><a href="#summary">back to summary</a></p>
<h3 id="m21">com.tripadvisor.webapp.tests.HomePageTest#TC_TripAdvisor_HomePage_001</h3><table class="result"><tr><th class="invisible"/></tr></table><p class="totop"><a href="#summary">back to summary</a></p>
<h3 id="m22">com.tripadvisor.webapp.tests.HomePageTest#TC_TripAdvisor_HomePage_002</h3><table class="result"><tr><th class="invisible"/></tr></table><p class="totop"><a href="#summary">back to summary</a></p>
<h3 id="m23">com.tripadvisor.webapp.tests.HomePageTest#TC_TripAdvisor_HomePage_003</h3><table class="result"><tr><th class="invisible"/></tr></table><p class="totop"><a href="#summary">back to summary</a></p>
<h3 id="m24">com.tripadvisor.webapp.tests.PuneHomePageTest#TC_TripAdvisor_PuneHomePage_001</h3><table class="result"><tr><th class="invisible"/></tr></table><p class="totop"><a href="#summary">back to summary</a></p>
<h3 id="m25">com.tripadvisor.webapp.tests.PuneHomePageTest#TC_TripAdvisor_PuneHomePage_002</h3><table class="result"><tr><th class="invisible"/></tr></table><p class="totop"><a href="#summary">back to summary</a></p>
<h3 id="m26">com.tripadvisor.webapp.tests.SignInPageTest#TC_TripAdvisor_SignInPage_001</h3><table class="result"><tr><th class="invisible"/></tr></table><p class="totop"><a href="#summary">back to summary</a></p>
<h3 id="m27">com.tripadvisor.webapp.tests.SignInPageTest#TC_TripAdvisor_SignInPage_002</h3><table class="result"><tr><th class="invisible"/></tr></table><p class="totop"><a href="#summary">back to summary</a></p>
<h3 id="m28">com.tripadvisor.webapp.tests.SignInPageTest#TC_TripAdvisor_SignInPage_004</h3><table class="result"><tr><th class="invisible"/></tr></table><p class="totop"><a href="#summary">back to summary</a></p>
<h3 id="m29">com.tripadvisor.webapp.tests.SignInPageTest#TC_TripAdvisor_SignInPage_005</h3><table class="result"><tr><th class="invisible"/></tr></table><p class="totop"><a href="#summary">back to summary</a></p>
<h3 id="m30">com.tripadvisor.webapp.tests.SignInPageTest#TC_TripAdvisor_SignInPage_006</h3><table class="result"><tr><th class="invisible"/></tr></table><p class="totop"><a href="#summary">back to summary</a></p>
<h3 id="m31">com.tripadvisor.webapp.tests.SignInPageTest#TC_TripAdvisor_SignInPage_Negative_007</h3><table class="result"><tr class="param"><th>Parameter #1</th></tr><tr class="param stripe"><td>&lt;xml-fragment r=&quot;2&quot; spans=&quot;1:2&quot; xmlns:r=&quot;http://schemas.openxmlformats.org/officeDocument/2006/relationships&quot; xmlns:main=&quot;http://schemas.openxmlformats.org/spreadsheetml/2006/main&quot;&gt;
  &lt;main:c r=&quot;A2&quot; s=&quot;1&quot; t=&quot;s&quot;&gt;
    &lt;main:v&gt;2&lt;/main:v&gt;
  &lt;/main:c&gt;
  &lt;main:c r=&quot;B2&quot; t=&quot;s&quot;&gt;
    &lt;main:v&gt;3&lt;/main:v&gt;
  &lt;/main:c&gt;
&lt;/xml-fragment&gt;</td></tr></table><p class="totop"><a href="#summary">back to summary</a></p>
<h3 id="m32">com.tripadvisor.webapp.tests.SignInPageTest#TC_TripAdvisor_SignInPage_Negative_007</h3><table class="result"><tr class="param"><th>Parameter #1</th></tr><tr class="param stripe"><td>&lt;xml-fragment r=&quot;1&quot; spans=&quot;1:2&quot; xmlns:r=&quot;http://schemas.openxmlformats.org/officeDocument/2006/relationships&quot; xmlns:main=&quot;http://schemas.openxmlformats.org/spreadsheetml/2006/main&quot;&gt;
  &lt;main:c r=&quot;A1&quot; t=&quot;s&quot;&gt;
    &lt;main:v&gt;0&lt;/main:v&gt;
  &lt;/main:c&gt;
  &lt;main:c r=&quot;B1&quot; t=&quot;s&quot;&gt;
    &lt;main:v&gt;1&lt;/main:v&gt;
  &lt;/main:c&gt;
&lt;/xml-fragment&gt;</td></tr></table><p class="totop"><a href="#summary">back to summary</a></p>
<h3 id="m33">com.tripadvisor.webapp.tests.SignInPageTest#TC_TripAdvisor_SignInPage_Negative_008</h3><table class="result"><tr><th class="invisible"/></tr></table><p class="totop"><a href="#summary">back to summary</a></p>
</body>
</html>
