<?xml version="1.0" encoding="UTF-8"?>
<testng-results ignored="4" total="38" passed="27" failed="7" skipped="0">
  <reporter-output>
    <line>
      <![CDATA[<a href=F:\VrushaliTestingData\FinalGitHubProjects\TestingTripAdvisor/screenshots/Thu_May_18_17_29_59_IST_2023_1684411199423.png>FailedTest Screenshot </a>]]>
    </line>
    <line>
      <![CDATA[<a href=F:\VrushaliTestingData\FinalGitHubProjects\TestingTripAdvisor/screenshots/Thu_May_18_17_30_14_IST_2023_1684411215276.png>FailedTest Screenshot </a>]]>
    </line>
    <line>
      <![CDATA[<a href=F:\VrushaliTestingData\FinalGitHubProjects\TestingTripAdvisor/screenshots/Thu_May_18_17_31_48_IST_2023_1684411308715.png>FailedTest Screenshot </a>]]>
    </line>
    <line>
      <![CDATA[<a href=F:\VrushaliTestingData\FinalGitHubProjects\TestingTripAdvisor/screenshots/Thu_May_18_17_32_19_IST_2023_1684411339824.png>FailedTest Screenshot </a>]]>
    </line>
    <line>
      <![CDATA[<a href=F:\VrushaliTestingData\FinalGitHubProjects\TestingTripAdvisor/screenshots/Thu_May_18_17_32_37_IST_2023_1684411357697.png>FailedTest Screenshot </a>]]>
    </line>
    <line>
      <![CDATA[<a href=F:\VrushaliTestingData\FinalGitHubProjects\TestingTripAdvisor/screenshots/Thu_May_18_17_33_06_IST_2023_1684411386400.png>FailedTest Screenshot </a>]]>
    </line>
    <line>
      <![CDATA[<a href=F:\VrushaliTestingData\FinalGitHubProjects\TestingTripAdvisor/screenshots/Thu_May_18_17_34_49_IST_2023_1684411490064.png>FailedTest Screenshot </a>]]>
    </line>
  </reporter-output>
  <suite started-at="2023-05-18T17:28:26 IST" name="Suite" finished-at="2023-05-18T17:34:50 IST" duration-ms="384392">
    <groups>
    </groups>
    <test started-at="2023-05-18T17:28:26 IST" name="TestsOnChrome" finished-at="2023-05-18T17:33:49 IST" duration-ms="323289">
      <class name="com.tripadvisor.webapp.tests.UserHomePageTest">
        <test-method is-config="true" signature="init(java.lang.String)[pri:0, instance:com.tripadvisor.webapp.tests.UserHomePageTest@aba625]" started-at="2023-05-18T17:31:50 IST" name="init" finished-at="2023-05-18T17:31:52 IST" duration-ms="2652" status="PASS">
          <params>
            <param index="0">
              <value>
                <![CDATA[chrome]]>
              </value>
            </param>
          </params>
          <reporter-output>
          </reporter-output>
        </test-method> <!-- init -->
        <test-method signature="TC_TripAdvisor_UserHomePage_002()[pri:0, instance:com.tripadvisor.webapp.tests.UserHomePageTest@aba625]" started-at="2023-05-18T17:31:52 IST" name="TC_TripAdvisor_UserHomePage_002" finished-at="2023-05-18T17:32:37 IST" duration-ms="44636" status="FAIL">
          <exception class="org.openqa.selenium.TimeoutException">
            <message>
              <![CDATA[Expected condition failed: waiting for number of elements found by By.cssSelector: div[id='typeahead_results']>a>div:nth-of-type(2)>div:nth-of-type(1) to be "5". Current number: "6" (tried for 30 second(s) with 500 milliseconds interval)
Build info: version: '4.4.0', revision: 'e5c75ed026a'
System info: host: 'DESKTOP-6JUGJ4I', ip: '192.168.0.103', os.name: 'Windows 11', os.arch: 'amd64', os.version: '10.0', java.version: '11.0.15.1'
Driver info: org.openqa.selenium.chrome.ChromeDriver
Capabilities {acceptInsecureCerts: false, browserName: chrome, browserVersion: 113.0.5672.94, chrome: {chromedriverVersion: 113.0.5672.63 (0e1a4471d5ae..., userDataDir: C:\Users\Sachin\AppData\Loc...}, goog:chromeOptions: {debuggerAddress: localhost:50162}, networkConnectionEnabled: false, pageLoadStrategy: normal, platformName: WINDOWS, proxy: Proxy(), se:cdp: ws://localhost:50162/devtoo..., se:cdpVersion: 113.0.5672.94, setWindowRect: true, strictFileInteractability: false, timeouts: {implicit: 0, pageLoad: 300000, script: 30000}, unhandledPromptBehavior: dismiss and notify, webauthn:extension:credBlob: true, webauthn:extension:largeBlob: true, webauthn:extension:minPinLength: true, webauthn:extension:prf: true, webauthn:virtualAuthenticators: true}
Session ID: fd0290f3f9ac0f259a906dff7a3bb5a2]]>
            </message>
            <full-stacktrace>
              <![CDATA[org.openqa.selenium.TimeoutException: Expected condition failed: waiting for number of elements found by By.cssSelector: div[id='typeahead_results']>a>div:nth-of-type(2)>div:nth-of-type(1) to be "5". Current number: "6" (tried for 30 second(s) with 500 milliseconds interval)
Build info: version: '4.4.0', revision: 'e5c75ed026a'
System info: host: 'DESKTOP-6JUGJ4I', ip: '192.168.0.103', os.name: 'Windows 11', os.arch: 'amd64', os.version: '10.0', java.version: '11.0.15.1'
Driver info: org.openqa.selenium.chrome.ChromeDriver
Capabilities {acceptInsecureCerts: false, browserName: chrome, browserVersion: 113.0.5672.94, chrome: {chromedriverVersion: 113.0.5672.63 (0e1a4471d5ae..., userDataDir: C:\Users\Sachin\AppData\Loc...}, goog:chromeOptions: {debuggerAddress: localhost:50162}, networkConnectionEnabled: false, pageLoadStrategy: normal, platformName: WINDOWS, proxy: Proxy(), se:cdp: ws://localhost:50162/devtoo..., se:cdpVersion: 113.0.5672.94, setWindowRect: true, strictFileInteractability: false, timeouts: {implicit: 0, pageLoad: 300000, script: 30000}, unhandledPromptBehavior: dismiss and notify, webauthn:extension:credBlob: true, webauthn:extension:largeBlob: true, webauthn:extension:minPinLength: true, webauthn:extension:prf: true, webauthn:virtualAuthenticators: true}
Session ID: fd0290f3f9ac0f259a906dff7a3bb5a2
at org.openqa.selenium.support.ui.WebDriverWait.timeoutException(WebDriverWait.java:87)
at org.openqa.selenium.support.ui.FluentWait.until(FluentWait.java:231)
at com.tripadvisor.webapp.base.BasePage.waitForElementsToBePresentByLocator(BasePage.java:126)
at com.tripadvisor.webapp.pages.UserHomePage.searchPerticularCityThingsToDo(UserHomePage.java:122)
at com.tripadvisor.webapp.tests.UserHomePageTest.TC_TripAdvisor_UserHomePage_002(UserHomePageTest.java:58)
at java.base/jdk.internal.reflect.NativeMethodAccessorImpl.invoke0(Native Method)
at java.base/jdk.internal.reflect.NativeMethodAccessorImpl.invoke(NativeMethodAccessorImpl.java:62)
at java.base/jdk.internal.reflect.DelegatingMethodAccessorImpl.invoke(DelegatingMethodAccessorImpl.java:43)
at java.base/java.lang.reflect.Method.invoke(Method.java:566)
at org.testng.internal.MethodInvocationHelper.invokeMethod(MethodInvocationHelper.java:133)
at org.testng.internal.TestInvoker.invokeMethod(TestInvoker.java:598)
at org.testng.internal.TestInvoker.invokeTestMethod(TestInvoker.java:173)
at org.testng.internal.MethodRunner.runInSequence(MethodRunner.java:46)
at org.testng.internal.TestInvoker$MethodInvocationAgent.invoke(TestInvoker.java:824)
at org.testng.internal.TestInvoker.invokeTestMethods(TestInvoker.java:146)
at org.testng.internal.TestMethodWorker.invokeTestMethods(TestMethodWorker.java:146)
at org.testng.internal.TestMethodWorker.run(TestMethodWorker.java:128)
at java.base/java.util.ArrayList.forEach(ArrayList.java:1541)
at org.testng.TestRunner.privateRun(TestRunner.java:794)
at org.testng.TestRunner.run(TestRunner.java:596)
at org.testng.SuiteRunner.runTest(SuiteRunner.java:377)
at org.testng.SuiteRunner.access$000(SuiteRunner.java:28)
at org.testng.SuiteRunner$SuiteWorker.run(SuiteRunner.java:418)
at org.testng.internal.thread.ThreadUtil.lambda$execute$0(ThreadUtil.java:64)
at java.base/java.util.concurrent.FutureTask.run(FutureTask.java:264)
at java.base/java.util.concurrent.ThreadPoolExecutor.runWorker(ThreadPoolExecutor.java:1128)
at java.base/java.util.concurrent.ThreadPoolExecutor$Worker.run(ThreadPoolExecutor.java:628)
at java.base/java.lang.Thread.run(Thread.java:834)
]]>
            </full-stacktrace>
          </exception> <!-- org.openqa.selenium.TimeoutException -->
          <reporter-output>
            <line>
              <![CDATA[<a href=F:\VrushaliTestingData\FinalGitHubProjects\TestingTripAdvisor/screenshots/Thu_May_18_17_32_37_IST_2023_1684411357697.png>FailedTest Screenshot </a>]]>
            </line>
          </reporter-output>
        </test-method> <!-- TC_TripAdvisor_UserHomePage_002 -->
        <test-method is-config="true" signature="tearDown()[pri:0, instance:com.tripadvisor.webapp.tests.UserHomePageTest@aba625]" started-at="2023-05-18T17:32:37 IST" name="tearDown" finished-at="2023-05-18T17:32:38 IST" duration-ms="1086" status="PASS">
          <reporter-output>
          </reporter-output>
        </test-method> <!-- tearDown -->
      </class> <!-- com.tripadvisor.webapp.tests.UserHomePageTest -->
      <class name="com.tripadvisor.webapp.tests.PuneHomePageTest">
        <test-method is-config="true" signature="init(java.lang.String)[pri:0, instance:com.tripadvisor.webapp.tests.PuneHomePageTest@97e93f1]" started-at="2023-05-18T17:32:38 IST" name="init" finished-at="2023-05-18T17:32:42 IST" duration-ms="3252" status="PASS">
          <params>
            <param index="0">
              <value>
                <![CDATA[chrome]]>
              </value>
            </param>
          </params>
          <reporter-output>
          </reporter-output>
        </test-method> <!-- init -->
        <test-method signature="TC_TripAdvisor_PuneHomePage_001()[pri:0, instance:com.tripadvisor.webapp.tests.PuneHomePageTest@97e93f1]" started-at="2023-05-18T17:32:42 IST" name="TC_TripAdvisor_PuneHomePage_001" finished-at="2023-05-18T17:32:52 IST" duration-ms="10307" status="PASS">
          <reporter-output>
          </reporter-output>
        </test-method> <!-- TC_TripAdvisor_PuneHomePage_001 -->
        <test-method is-config="true" signature="tearDown()[pri:0, instance:com.tripadvisor.webapp.tests.PuneHomePageTest@97e93f1]" started-at="2023-05-18T17:32:52 IST" name="tearDown" finished-at="2023-05-18T17:32:53 IST" duration-ms="792" status="PASS">
          <reporter-output>
          </reporter-output>
        </test-method> <!-- tearDown -->
        <test-method is-config="true" signature="init(java.lang.String)[pri:0, instance:com.tripadvisor.webapp.tests.PuneHomePageTest@97e93f1]" started-at="2023-05-18T17:32:53 IST" name="init" finished-at="2023-05-18T17:32:56 IST" duration-ms="3045" status="PASS">
          <params>
            <param index="0">
              <value>
                <![CDATA[chrome]]>
              </value>
            </param>
          </params>
          <reporter-output>
          </reporter-output>
        </test-method> <!-- init -->
        <test-method signature="TC_TripAdvisor_PuneHomePage_002()[pri:0, instance:com.tripadvisor.webapp.tests.PuneHomePageTest@97e93f1]" started-at="2023-05-18T17:32:56 IST" name="TC_TripAdvisor_PuneHomePage_002" finished-at="2023-05-18T17:33:08 IST" duration-ms="12223" status="PASS">
          <reporter-output>
          </reporter-output>
        </test-method> <!-- TC_TripAdvisor_PuneHomePage_002 -->
        <test-method is-config="true" signature="tearDown()[pri:0, instance:com.tripadvisor.webapp.tests.PuneHomePageTest@97e93f1]" started-at="2023-05-18T17:33:08 IST" name="tearDown" finished-at="2023-05-18T17:33:09 IST" duration-ms="840" status="PASS">
          <reporter-output>
          </reporter-output>
        </test-method> <!-- tearDown -->
      </class> <!-- com.tripadvisor.webapp.tests.PuneHomePageTest -->
      <class name="com.tripadvisor.webapp.tests.SignInPageTest">
        <test-method is-config="true" signature="init(java.lang.String)[pri:0, instance:com.tripadvisor.webapp.tests.SignInPageTest@7a6d7e92]" started-at="2023-05-18T17:28:53 IST" name="init" finished-at="2023-05-18T17:28:56 IST" duration-ms="2713" status="PASS">
          <params>
            <param index="0">
              <value>
                <![CDATA[chrome]]>
              </value>
            </param>
          </params>
          <reporter-output>
          </reporter-output>
        </test-method> <!-- init -->
        <test-method signature="TC_TripAdvisor_SignInPage_001()[pri:0, instance:com.tripadvisor.webapp.tests.SignInPageTest@7a6d7e92]" started-at="2023-05-18T17:28:56 IST" name="TC_TripAdvisor_SignInPage_001" finished-at="2023-05-18T17:29:01 IST" duration-ms="4981" status="PASS">
          <reporter-output>
          </reporter-output>
        </test-method> <!-- TC_TripAdvisor_SignInPage_001 -->
        <test-method is-config="true" signature="tearDown()[pri:0, instance:com.tripadvisor.webapp.tests.SignInPageTest@7a6d7e92]" started-at="2023-05-18T17:29:01 IST" name="tearDown" finished-at="2023-05-18T17:29:02 IST" duration-ms="1388" status="PASS">
          <reporter-output>
          </reporter-output>
        </test-method> <!-- tearDown -->
        <test-method is-config="true" signature="init(java.lang.String)[pri:0, instance:com.tripadvisor.webapp.tests.SignInPageTest@7a6d7e92]" started-at="2023-05-18T17:29:02 IST" name="init" finished-at="2023-05-18T17:29:07 IST" duration-ms="4132" status="PASS">
          <params>
            <param index="0">
              <value>
                <![CDATA[chrome]]>
              </value>
            </param>
          </params>
          <reporter-output>
          </reporter-output>
        </test-method> <!-- init -->
        <test-method signature="TC_TripAdvisor_SignInPage_002()[pri:0, instance:com.tripadvisor.webapp.tests.SignInPageTest@7a6d7e92]" started-at="2023-05-18T17:29:07 IST" name="TC_TripAdvisor_SignInPage_002" finished-at="2023-05-18T17:29:17 IST" duration-ms="10693" status="PASS">
          <reporter-output>
          </reporter-output>
        </test-method> <!-- TC_TripAdvisor_SignInPage_002 -->
        <test-method is-config="true" signature="tearDown()[pri:0, instance:com.tripadvisor.webapp.tests.SignInPageTest@7a6d7e92]" started-at="2023-05-18T17:29:17 IST" name="tearDown" finished-at="2023-05-18T17:29:18 IST" duration-ms="780" status="PASS">
          <reporter-output>
          </reporter-output>
        </test-method> <!-- tearDown -->
        <test-method is-config="true" signature="init(java.lang.String)[pri:0, instance:com.tripadvisor.webapp.tests.SignInPageTest@7a6d7e92]" started-at="2023-05-18T17:29:18 IST" name="init" finished-at="2023-05-18T17:29:22 IST" duration-ms="4079" status="PASS">
          <params>
            <param index="0">
              <value>
                <![CDATA[chrome]]>
              </value>
            </param>
          </params>
          <reporter-output>
          </reporter-output>
        </test-method> <!-- init -->
        <test-method signature="TC_TripAdvisor_SignInPage_003()[pri:0, instance:com.tripadvisor.webapp.tests.SignInPageTest@7a6d7e92]" started-at="2023-05-18T17:29:22 IST" name="TC_TripAdvisor_SignInPage_003" finished-at="2023-05-18T17:29:59 IST" duration-ms="36432" status="FAIL">
          <exception class="org.openqa.selenium.TimeoutException">
            <message>
              <![CDATA[Expected condition failed: waiting for visibility of Proxy element for: DefaultElementLocator 'By.cssSelector: button[id='facebookBtn']' (tried for 30 second(s) with 500 milliseconds interval)]]>
            </message>
            <full-stacktrace>
              <![CDATA[org.openqa.selenium.TimeoutException: Expected condition failed: waiting for visibility of Proxy element for: DefaultElementLocator 'By.cssSelector: button[id='facebookBtn']' (tried for 30 second(s) with 500 milliseconds interval)
at org.openqa.selenium.support.ui.WebDriverWait.timeoutException(WebDriverWait.java:87)
at org.openqa.selenium.support.ui.FluentWait.until(FluentWait.java:231)
at com.tripadvisor.webapp.base.BasePage.waitForElementToBePresent(BasePage.java:59)
at com.tripadvisor.webapp.pages.SignInPage.textOnContinueWithFacebook(SignInPage.java:69)
at com.tripadvisor.webapp.tests.SignInPageTest.TC_TripAdvisor_SignInPage_003(SignInPageTest.java:71)
at java.base/jdk.internal.reflect.NativeMethodAccessorImpl.invoke0(Native Method)
at java.base/jdk.internal.reflect.NativeMethodAccessorImpl.invoke(NativeMethodAccessorImpl.java:62)
at java.base/jdk.internal.reflect.DelegatingMethodAccessorImpl.invoke(DelegatingMethodAccessorImpl.java:43)
at java.base/java.lang.reflect.Method.invoke(Method.java:566)
at org.testng.internal.MethodInvocationHelper.invokeMethod(MethodInvocationHelper.java:133)
at org.testng.internal.TestInvoker.invokeMethod(TestInvoker.java:598)
at org.testng.internal.TestInvoker.invokeTestMethod(TestInvoker.java:173)
at org.testng.internal.MethodRunner.runInSequence(MethodRunner.java:46)
at org.testng.internal.TestInvoker$MethodInvocationAgent.invoke(TestInvoker.java:824)
at org.testng.internal.TestInvoker.invokeTestMethods(TestInvoker.java:146)
at org.testng.internal.TestMethodWorker.invokeTestMethods(TestMethodWorker.java:146)
at org.testng.internal.TestMethodWorker.run(TestMethodWorker.java:128)
at java.base/java.util.ArrayList.forEach(ArrayList.java:1541)
at org.testng.TestRunner.privateRun(TestRunner.java:794)
at org.testng.TestRunner.run(TestRunner.java:596)
at org.testng.SuiteRunner.runTest(SuiteRunner.java:377)
at org.testng.SuiteRunner.access$000(SuiteRunner.java:28)
at org.testng.SuiteRunner$SuiteWorker.run(SuiteRunner.java:418)
at org.testng.internal.thread.ThreadUtil.lambda$execute$0(ThreadUtil.java:64)
at java.base/java.util.concurrent.FutureTask.run(FutureTask.java:264)
at java.base/java.util.concurrent.ThreadPoolExecutor.runWorker(ThreadPoolExecutor.java:1128)
at java.base/java.util.concurrent.ThreadPoolExecutor$Worker.run(ThreadPoolExecutor.java:628)
at java.base/java.lang.Thread.run(Thread.java:834)
Caused by: org.openqa.selenium.NoSuchElementException: no such element: Unable to locate element: {"method":"css selector","selector":"button[id='facebookBtn']"}
  (Session info: chrome=113.0.5672.94)
For documentation on this error, please visit: https://selenium.dev/exceptions/#no_such_element
Build info: version: '4.4.0', revision: 'e5c75ed026a'
System info: host: 'DESKTOP-6JUGJ4I', ip: '192.168.0.103', os.name: 'Windows 11', os.arch: 'amd64', os.version: '10.0', java.version: '11.0.15.1'
Driver info: org.openqa.selenium.chrome.ChromeDriver
Command: [53490639eb9f3992cb728d55e7710d0b, findElement {using=css selector, value=button[id='facebookBtn']}]
Capabilities {acceptInsecureCerts: false, browserName: chrome, browserVersion: 113.0.5672.94, chrome: {chromedriverVersion: 113.0.5672.63 (0e1a4471d5ae..., userDataDir: C:\Users\Sachin\AppData\Loc...}, goog:chromeOptions: {debuggerAddress: localhost:64216}, networkConnectionEnabled: false, pageLoadStrategy: normal, platformName: WINDOWS, proxy: Proxy(), se:cdp: ws://localhost:64216/devtoo..., se:cdpVersion: 113.0.5672.94, setWindowRect: true, strictFileInteractability: false, timeouts: {implicit: 0, pageLoad: 300000, script: 30000}, unhandledPromptBehavior: dismiss and notify, webauthn:extension:credBlob: true, webauthn:extension:largeBlob: true, webauthn:extension:minPinLength: true, webauthn:extension:prf: true, webauthn:virtualAuthenticators: true}
Session ID: 53490639eb9f3992cb728d55e7710d0b
at jdk.internal.reflect.GeneratedConstructorAccessor21.newInstance(Unknown Source)
at java.base/jdk.internal.reflect.DelegatingConstructorAccessorImpl.newInstance(DelegatingConstructorAccessorImpl.java:45)
at java.base/java.lang.reflect.Constructor.newInstance(Constructor.java:490)
at org.openqa.selenium.remote.codec.w3c.W3CHttpResponseCodec.createException(W3CHttpResponseCodec.java:200)
at org.openqa.selenium.remote.codec.w3c.W3CHttpResponseCodec.decode(W3CHttpResponseCodec.java:133)
at org.openqa.selenium.remote.codec.w3c.W3CHttpResponseCodec.decode(W3CHttpResponseCodec.java:53)
at org.openqa.selenium.remote.HttpCommandExecutor.execute(HttpCommandExecutor.java:184)
at org.openqa.selenium.remote.service.DriverCommandExecutor.invokeExecute(DriverCommandExecutor.java:167)
at org.openqa.selenium.remote.service.DriverCommandExecutor.execute(DriverCommandExecutor.java:142)
at org.openqa.selenium.remote.RemoteWebDriver.execute(RemoteWebDriver.java:547)
at org.openqa.selenium.remote.ElementLocation$ElementFinder$2.findElement(ElementLocation.java:162)
at org.openqa.selenium.remote.ElementLocation.findElement(ElementLocation.java:60)
at org.openqa.selenium.remote.RemoteWebDriver.findElement(RemoteWebDriver.java:365)
at org.openqa.selenium.remote.RemoteWebDriver.findElement(RemoteWebDriver.java:357)
at org.openqa.selenium.support.pagefactory.DefaultElementLocator.findElement(DefaultElementLocator.java:70)
at org.openqa.selenium.support.pagefactory.internal.LocatingElementHandler.invoke(LocatingElementHandler.java:39)
at com.sun.proxy.$Proxy18.isDisplayed(Unknown Source)
at org.openqa.selenium.support.ui.ExpectedConditions.elementIfVisible(ExpectedConditions.java:307)
at org.openqa.selenium.support.ui.ExpectedConditions.access$000(ExpectedConditions.java:40)
at org.openqa.selenium.support.ui.ExpectedConditions$10.apply(ExpectedConditions.java:293)
at org.openqa.selenium.support.ui.ExpectedConditions$10.apply(ExpectedConditions.java:290)
at org.openqa.selenium.support.ui.FluentWait.until(FluentWait.java:208)
... 26 more
]]>
            </full-stacktrace>
          </exception> <!-- org.openqa.selenium.TimeoutException -->
          <reporter-output>
            <line>
              <![CDATA[<a href=F:\VrushaliTestingData\FinalGitHubProjects\TestingTripAdvisor/screenshots/Thu_May_18_17_29_59_IST_2023_1684411199423.png>FailedTest Screenshot </a>]]>
            </line>
          </reporter-output>
        </test-method> <!-- TC_TripAdvisor_SignInPage_003 -->
        <test-method is-config="true" signature="tearDown()[pri:0, instance:com.tripadvisor.webapp.tests.SignInPageTest@7a6d7e92]" started-at="2023-05-18T17:29:59 IST" name="tearDown" finished-at="2023-05-18T17:30:00 IST" duration-ms="819" status="PASS">
          <reporter-output>
          </reporter-output>
        </test-method> <!-- tearDown -->
        <test-method is-config="true" signature="init(java.lang.String)[pri:0, instance:com.tripadvisor.webapp.tests.SignInPageTest@7a6d7e92]" started-at="2023-05-18T17:30:00 IST" name="init" finished-at="2023-05-18T17:30:03 IST" duration-ms="2803" status="PASS">
          <params>
            <param index="0">
              <value>
                <![CDATA[chrome]]>
              </value>
            </param>
          </params>
          <reporter-output>
          </reporter-output>
        </test-method> <!-- init -->
        <test-method signature="TC_TripAdvisor_SignInPage_004()[pri:0, instance:com.tripadvisor.webapp.tests.SignInPageTest@7a6d7e92]" started-at="2023-05-18T17:30:03 IST" name="TC_TripAdvisor_SignInPage_004" finished-at="2023-05-18T17:30:08 IST" duration-ms="5316" status="PASS">
          <reporter-output>
          </reporter-output>
        </test-method> <!-- TC_TripAdvisor_SignInPage_004 -->
        <test-method is-config="true" signature="tearDown()[pri:0, instance:com.tripadvisor.webapp.tests.SignInPageTest@7a6d7e92]" started-at="2023-05-18T17:30:08 IST" name="tearDown" finished-at="2023-05-18T17:30:09 IST" duration-ms="823" status="PASS">
          <reporter-output>
          </reporter-output>
        </test-method> <!-- tearDown -->
        <test-method is-config="true" signature="init(java.lang.String)[pri:0, instance:com.tripadvisor.webapp.tests.SignInPageTest@7a6d7e92]" started-at="2023-05-18T17:30:09 IST" name="init" finished-at="2023-05-18T17:30:12 IST" duration-ms="2985" status="PASS">
          <params>
            <param index="0">
              <value>
                <![CDATA[chrome]]>
              </value>
            </param>
          </params>
          <reporter-output>
          </reporter-output>
        </test-method> <!-- init -->
        <test-method signature="TC_TripAdvisor_SignInPage_005()[pri:0, instance:com.tripadvisor.webapp.tests.SignInPageTest@7a6d7e92]" started-at="2023-05-18T17:30:12 IST" name="TC_TripAdvisor_SignInPage_005" finished-at="2023-05-18T17:30:18 IST" duration-ms="6084" status="PASS">
          <reporter-output>
          </reporter-output>
        </test-method> <!-- TC_TripAdvisor_SignInPage_005 -->
        <test-method is-config="true" signature="tearDown()[pri:0, instance:com.tripadvisor.webapp.tests.SignInPageTest@7a6d7e92]" started-at="2023-05-18T17:30:18 IST" name="tearDown" finished-at="2023-05-18T17:30:19 IST" duration-ms="770" status="PASS">
          <reporter-output>
          </reporter-output>
        </test-method> <!-- tearDown -->
        <test-method is-config="true" signature="init(java.lang.String)[pri:0, instance:com.tripadvisor.webapp.tests.SignInPageTest@7a6d7e92]" started-at="2023-05-18T17:30:19 IST" name="init" finished-at="2023-05-18T17:30:26 IST" duration-ms="7065" status="PASS">
          <params>
            <param index="0">
              <value>
                <![CDATA[chrome]]>
              </value>
            </param>
          </params>
          <reporter-output>
          </reporter-output>
        </test-method> <!-- init -->
        <test-method signature="TC_TripAdvisor_SignInPage_006()[pri:0, instance:com.tripadvisor.webapp.tests.SignInPageTest@7a6d7e92]" started-at="2023-05-18T17:30:26 IST" name="TC_TripAdvisor_SignInPage_006" finished-at="2023-05-18T17:30:35 IST" duration-ms="9612" status="PASS">
          <reporter-output>
          </reporter-output>
        </test-method> <!-- TC_TripAdvisor_SignInPage_006 -->
        <test-method is-config="true" signature="tearDown()[pri:0, instance:com.tripadvisor.webapp.tests.SignInPageTest@7a6d7e92]" started-at="2023-05-18T17:30:35 IST" name="tearDown" finished-at="2023-05-18T17:30:36 IST" duration-ms="1139" status="PASS">
          <reporter-output>
          </reporter-output>
        </test-method> <!-- tearDown -->
        <test-method is-config="true" signature="init(java.lang.String)[pri:0, instance:com.tripadvisor.webapp.tests.SignInPageTest@7a6d7e92]" started-at="2023-05-18T17:30:39 IST" name="init" finished-at="2023-05-18T17:30:46 IST" duration-ms="7002" status="PASS">
          <params>
            <param index="0">
              <value>
                <![CDATA[chrome]]>
              </value>
            </param>
          </params>
          <reporter-output>
          </reporter-output>
        </test-method> <!-- init -->
        <test-method signature="TC_TripAdvisor_SignInPage_Negative_007(org.apache.poi.ss.usermodel.Row)[pri:0, instance:com.tripadvisor.webapp.tests.SignInPageTest@7a6d7e92]" started-at="2023-05-18T17:30:46 IST" name="TC_TripAdvisor_SignInPage_Negative_007" data-provider="dataProviderForSignIn" finished-at="2023-05-18T17:30:58 IST" duration-ms="12182" status="PASS">
          <params>
            <param index="0">
              <value>
                <![CDATA[<xml-fragment r="1" spans="1:2" xmlns:r="http://schemas.openxmlformats.org/officeDocument/2006/relationships" xmlns:main="http://schemas.openxmlformats.org/spreadsheetml/2006/main">
  <main:c r="A1" t="s">
    <main:v>0</main:v>
  </main:c>
  <main:c r="B1" t="s">
    <main:v>1</main:v>
  </main:c>
</xml-fragment>]]>
              </value>
            </param>
          </params>
          <reporter-output>
          </reporter-output>
        </test-method> <!-- TC_TripAdvisor_SignInPage_Negative_007 -->
        <test-method is-config="true" signature="tearDown()[pri:0, instance:com.tripadvisor.webapp.tests.SignInPageTest@7a6d7e92]" started-at="2023-05-18T17:30:58 IST" name="tearDown" finished-at="2023-05-18T17:30:59 IST" duration-ms="944" status="PASS">
          <reporter-output>
          </reporter-output>
        </test-method> <!-- tearDown -->
        <test-method is-config="true" signature="init(java.lang.String)[pri:0, instance:com.tripadvisor.webapp.tests.SignInPageTest@7a6d7e92]" started-at="2023-05-18T17:30:59 IST" name="init" finished-at="2023-05-18T17:31:06 IST" duration-ms="6804" status="PASS">
          <params>
            <param index="0">
              <value>
                <![CDATA[chrome]]>
              </value>
            </param>
          </params>
          <reporter-output>
          </reporter-output>
        </test-method> <!-- init -->
        <test-method signature="TC_TripAdvisor_SignInPage_Negative_007(org.apache.poi.ss.usermodel.Row)[pri:0, instance:com.tripadvisor.webapp.tests.SignInPageTest@7a6d7e92]" started-at="2023-05-18T17:31:06 IST" name="TC_TripAdvisor_SignInPage_Negative_007" data-provider="dataProviderForSignIn" finished-at="2023-05-18T17:31:17 IST" duration-ms="10860" status="PASS">
          <params>
            <param index="0">
              <value>
                <![CDATA[<xml-fragment r="2" spans="1:2" xmlns:r="http://schemas.openxmlformats.org/officeDocument/2006/relationships" xmlns:main="http://schemas.openxmlformats.org/spreadsheetml/2006/main">
  <main:c r="A2" s="1" t="s">
    <main:v>2</main:v>
  </main:c>
  <main:c r="B2" t="s">
    <main:v>3</main:v>
  </main:c>
</xml-fragment>]]>
              </value>
            </param>
          </params>
          <reporter-output>
          </reporter-output>
        </test-method> <!-- TC_TripAdvisor_SignInPage_Negative_007 -->
        <test-method is-config="true" signature="tearDown()[pri:0, instance:com.tripadvisor.webapp.tests.SignInPageTest@7a6d7e92]" started-at="2023-05-18T17:31:17 IST" name="tearDown" finished-at="2023-05-18T17:31:18 IST" duration-ms="812" status="PASS">
          <reporter-output>
          </reporter-output>
        </test-method> <!-- tearDown -->
        <test-method is-config="true" signature="init(java.lang.String)[pri:0, instance:com.tripadvisor.webapp.tests.SignInPageTest@7a6d7e92]" started-at="2023-05-18T17:31:18 IST" name="init" finished-at="2023-05-18T17:31:22 IST" duration-ms="3931" status="PASS">
          <params>
            <param index="0">
              <value>
                <![CDATA[chrome]]>
              </value>
            </param>
          </params>
          <reporter-output>
          </reporter-output>
        </test-method> <!-- init -->
        <test-method signature="TC_TripAdvisor_SignInPage_Negative_008()[pri:0, instance:com.tripadvisor.webapp.tests.SignInPageTest@7a6d7e92]" started-at="2023-05-18T17:31:22 IST" name="TC_TripAdvisor_SignInPage_Negative_008" finished-at="2023-05-18T17:31:33 IST" duration-ms="10937" status="PASS">
          <reporter-output>
          </reporter-output>
        </test-method> <!-- TC_TripAdvisor_SignInPage_Negative_008 -->
        <test-method is-config="true" signature="tearDown()[pri:0, instance:com.tripadvisor.webapp.tests.SignInPageTest@7a6d7e92]" started-at="2023-05-18T17:31:33 IST" name="tearDown" finished-at="2023-05-18T17:31:34 IST" duration-ms="969" status="PASS">
          <reporter-output>
          </reporter-output>
        </test-method> <!-- tearDown -->
        <test-method is-config="true" signature="init(java.lang.String)[pri:0, instance:com.tripadvisor.webapp.tests.SignInPageTest@7a6d7e92]" started-at="2023-05-18T17:31:34 IST" name="init" finished-at="2023-05-18T17:31:37 IST" duration-ms="3495" status="PASS">
          <params>
            <param index="0">
              <value>
                <![CDATA[chrome]]>
              </value>
            </param>
          </params>
          <reporter-output>
          </reporter-output>
        </test-method> <!-- init -->
        <test-method signature="TC_TripAdvisor_SignInPage_Negative_009()[pri:0, instance:com.tripadvisor.webapp.tests.SignInPageTest@7a6d7e92]" started-at="2023-05-18T17:31:37 IST" name="TC_TripAdvisor_SignInPage_Negative_009" finished-at="2023-05-18T17:31:48 IST" duration-ms="10457" status="FAIL">
          <exception class="java.lang.AssertionError">
            <message>
              <![CDATA[Some error in login page expected [Your password should be at least 6 characters long.] but found [Your password must be at least 10 characters. Please try again.]]]>
            </message>
            <full-stacktrace>
              <![CDATA[java.lang.AssertionError: Some error in login page expected [Your password should be at least 6 characters long.] but found [Your password must be at least 10 characters. Please try again.]
at org.testng.Assert.fail(Assert.java:99)
at org.testng.Assert.failNotEquals(Assert.java:1037)
at org.testng.Assert.assertEqualsImpl(Assert.java:140)
at org.testng.Assert.assertEquals(Assert.java:122)
at org.testng.Assert.assertEquals(Assert.java:629)
at com.tripadvisor.webapp.tests.SignInPageTest.TC_TripAdvisor_SignInPage_Negative_009(SignInPageTest.java:178)
at java.base/jdk.internal.reflect.NativeMethodAccessorImpl.invoke0(Native Method)
at java.base/jdk.internal.reflect.NativeMethodAccessorImpl.invoke(NativeMethodAccessorImpl.java:62)
at java.base/jdk.internal.reflect.DelegatingMethodAccessorImpl.invoke(DelegatingMethodAccessorImpl.java:43)
at java.base/java.lang.reflect.Method.invoke(Method.java:566)
at org.testng.internal.MethodInvocationHelper.invokeMethod(MethodInvocationHelper.java:133)
at org.testng.internal.TestInvoker.invokeMethod(TestInvoker.java:598)
at org.testng.internal.TestInvoker.invokeTestMethod(TestInvoker.java:173)
at org.testng.internal.MethodRunner.runInSequence(MethodRunner.java:46)
at org.testng.internal.TestInvoker$MethodInvocationAgent.invoke(TestInvoker.java:824)
at org.testng.internal.TestInvoker.invokeTestMethods(TestInvoker.java:146)
at org.testng.internal.TestMethodWorker.invokeTestMethods(TestMethodWorker.java:146)
at org.testng.internal.TestMethodWorker.run(TestMethodWorker.java:128)
at java.base/java.util.ArrayList.forEach(ArrayList.java:1541)
at org.testng.TestRunner.privateRun(TestRunner.java:794)
at org.testng.TestRunner.run(TestRunner.java:596)
at org.testng.SuiteRunner.runTest(SuiteRunner.java:377)
at org.testng.SuiteRunner.access$000(SuiteRunner.java:28)
at org.testng.SuiteRunner$SuiteWorker.run(SuiteRunner.java:418)
at org.testng.internal.thread.ThreadUtil.lambda$execute$0(ThreadUtil.java:64)
at java.base/java.util.concurrent.FutureTask.run(FutureTask.java:264)
at java.base/java.util.concurrent.ThreadPoolExecutor.runWorker(ThreadPoolExecutor.java:1128)
at java.base/java.util.concurrent.ThreadPoolExecutor$Worker.run(ThreadPoolExecutor.java:628)
at java.base/java.lang.Thread.run(Thread.java:834)
]]>
            </full-stacktrace>
          </exception> <!-- java.lang.AssertionError -->
          <reporter-output>
            <line>
              <![CDATA[<a href=F:\VrushaliTestingData\FinalGitHubProjects\TestingTripAdvisor/screenshots/Thu_May_18_17_31_48_IST_2023_1684411308715.png>FailedTest Screenshot </a>]]>
            </line>
          </reporter-output>
        </test-method> <!-- TC_TripAdvisor_SignInPage_Negative_009 -->
        <test-method is-config="true" signature="tearDown()[pri:0, instance:com.tripadvisor.webapp.tests.SignInPageTest@7a6d7e92]" started-at="2023-05-18T17:31:48 IST" name="tearDown" finished-at="2023-05-18T17:31:50 IST" duration-ms="1299" status="PASS">
          <reporter-output>
          </reporter-output>
        </test-method> <!-- tearDown -->
      </class> <!-- com.tripadvisor.webapp.tests.SignInPageTest -->
      <class name="com.tripadvisor.webapp.tests.HomePageTest">
        <test-method is-config="true" signature="init(java.lang.String)[pri:0, instance:com.tripadvisor.webapp.tests.HomePageTest@70cf32e3]" started-at="2023-05-18T17:28:26 IST" name="init" finished-at="2023-05-18T17:28:37 IST" duration-ms="10982" status="PASS">
          <params>
            <param index="0">
              <value>
                <![CDATA[chrome]]>
              </value>
            </param>
          </params>
          <reporter-output>
          </reporter-output>
        </test-method> <!-- init -->
        <test-method signature="TC_TripAdvisor_HomePage_001()[pri:0, instance:com.tripadvisor.webapp.tests.HomePageTest@70cf32e3]" started-at="2023-05-18T17:28:37 IST" name="TC_TripAdvisor_HomePage_001" finished-at="2023-05-18T17:28:41 IST" duration-ms="4317" status="PASS">
          <reporter-output>
          </reporter-output>
        </test-method> <!-- TC_TripAdvisor_HomePage_001 -->
        <test-method is-config="true" signature="tearDown()[pri:0, instance:com.tripadvisor.webapp.tests.HomePageTest@70cf32e3]" started-at="2023-05-18T17:28:41 IST" name="tearDown" finished-at="2023-05-18T17:28:42 IST" duration-ms="633" status="PASS">
          <reporter-output>
          </reporter-output>
        </test-method> <!-- tearDown -->
        <test-method is-config="true" signature="init(java.lang.String)[pri:0, instance:com.tripadvisor.webapp.tests.HomePageTest@70cf32e3]" started-at="2023-05-18T17:28:42 IST" name="init" finished-at="2023-05-18T17:28:49 IST" duration-ms="7033" status="PASS">
          <params>
            <param index="0">
              <value>
                <![CDATA[chrome]]>
              </value>
            </param>
          </params>
          <reporter-output>
          </reporter-output>
        </test-method> <!-- init -->
        <test-method signature="TC_TripAdvisor_HomePage_002()[pri:0, instance:com.tripadvisor.webapp.tests.HomePageTest@70cf32e3]" started-at="2023-05-18T17:28:49 IST" name="TC_TripAdvisor_HomePage_002" finished-at="2023-05-18T17:28:49 IST" duration-ms="153" status="PASS">
          <reporter-output>
          </reporter-output>
        </test-method> <!-- TC_TripAdvisor_HomePage_002 -->
        <test-method is-config="true" signature="tearDown()[pri:0, instance:com.tripadvisor.webapp.tests.HomePageTest@70cf32e3]" started-at="2023-05-18T17:28:49 IST" name="tearDown" finished-at="2023-05-18T17:28:50 IST" duration-ms="649" status="PASS">
          <reporter-output>
          </reporter-output>
        </test-method> <!-- tearDown -->
        <test-method is-config="true" signature="init(java.lang.String)[pri:0, instance:com.tripadvisor.webapp.tests.HomePageTest@70cf32e3]" started-at="2023-05-18T17:28:50 IST" name="init" finished-at="2023-05-18T17:28:53 IST" duration-ms="2795" status="PASS">
          <params>
            <param index="0">
              <value>
                <![CDATA[chrome]]>
              </value>
            </param>
          </params>
          <reporter-output>
          </reporter-output>
        </test-method> <!-- init -->
        <test-method signature="TC_TripAdvisor_HomePage_003()[pri:0, instance:com.tripadvisor.webapp.tests.HomePageTest@70cf32e3]" started-at="2023-05-18T17:28:53 IST" name="TC_TripAdvisor_HomePage_003" finished-at="2023-05-18T17:28:53 IST" duration-ms="78" status="PASS">
          <reporter-output>
          </reporter-output>
        </test-method> <!-- TC_TripAdvisor_HomePage_003 -->
        <test-method is-config="true" signature="tearDown()[pri:0, instance:com.tripadvisor.webapp.tests.HomePageTest@70cf32e3]" started-at="2023-05-18T17:28:53 IST" name="tearDown" finished-at="2023-05-18T17:28:53 IST" duration-ms="680" status="PASS">
          <reporter-output>
          </reporter-output>
        </test-method> <!-- tearDown -->
      </class> <!-- com.tripadvisor.webapp.tests.HomePageTest -->
      <class name="com.tripadvisor.webapp.tests.FunctionalTest">
        <test-method is-config="true" signature="init(java.lang.String)[pri:0, instance:com.tripadvisor.webapp.tests.FunctionalTest@5a5a729f]" started-at="2023-05-18T17:33:09 IST" name="init" finished-at="2023-05-18T17:33:13 IST" duration-ms="3858" status="PASS">
          <params>
            <param index="0">
              <value>
                <![CDATA[chrome]]>
              </value>
            </param>
          </params>
          <reporter-output>
          </reporter-output>
        </test-method> <!-- init -->
        <test-method signature="TC_TripAdvisor_PuneHomePage_002()[pri:0, instance:com.tripadvisor.webapp.tests.FunctionalTest@5a5a729f]" started-at="2023-05-18T17:33:13 IST" name="TC_TripAdvisor_PuneHomePage_002" finished-at="2023-05-18T17:33:48 IST" duration-ms="35628" status="PASS">
          <reporter-output>
          </reporter-output>
        </test-method> <!-- TC_TripAdvisor_PuneHomePage_002 -->
        <test-method is-config="true" signature="tearDown()[pri:0, instance:com.tripadvisor.webapp.tests.FunctionalTest@5a5a729f]" started-at="2023-05-18T17:33:48 IST" name="tearDown" finished-at="2023-05-18T17:33:49 IST" duration-ms="1043" status="PASS">
          <reporter-output>
          </reporter-output>
        </test-method> <!-- tearDown -->
      </class> <!-- com.tripadvisor.webapp.tests.FunctionalTest -->
    </test> <!-- TestsOnChrome -->
    <test started-at="2023-05-18T17:28:26 IST" name="TestsOnEdge" finished-at="2023-05-18T17:34:50 IST" duration-ms="384392">
      <class name="com.tripadvisor.webapp.tests.UserHomePageTest">
        <test-method is-config="true" signature="init(java.lang.String)[pri:0, instance:com.tripadvisor.webapp.tests.UserHomePageTest@5a7fe64f]" started-at="2023-05-18T17:32:20 IST" name="init" finished-at="2023-05-18T17:32:26 IST" duration-ms="5646" status="PASS">
          <params>
            <param index="0">
              <value>
                <![CDATA[microsoftEdge]]>
              </value>
            </param>
          </params>
          <reporter-output>
          </reporter-output>
        </test-method> <!-- init -->
        <test-method signature="TC_TripAdvisor_UserHomePage_002()[pri:0, instance:com.tripadvisor.webapp.tests.UserHomePageTest@5a7fe64f]" started-at="2023-05-18T17:32:26 IST" name="TC_TripAdvisor_UserHomePage_002" finished-at="2023-05-18T17:33:06 IST" duration-ms="39777" status="FAIL">
          <exception class="org.openqa.selenium.TimeoutException">
            <message>
              <![CDATA[Expected condition failed: waiting for number of elements found by By.cssSelector: div[id='typeahead_results']>a>div:nth-of-type(2)>div:nth-of-type(1) to be "5". Current number: "6" (tried for 30 second(s) with 500 milliseconds interval)
Build info: version: '4.4.0', revision: 'e5c75ed026a'
System info: host: 'DESKTOP-6JUGJ4I', ip: '192.168.0.103', os.name: 'Windows 11', os.arch: 'amd64', os.version: '10.0', java.version: '11.0.15.1'
Driver info: org.openqa.selenium.edge.EdgeDriver
Capabilities {acceptInsecureCerts: false, browserName: msedge, browserVersion: 113.0.1774.42, ms:edgeOptions: {debuggerAddress: localhost:50608}, msedge: {msedgedriverVersion: 113.0.1774.42 (881f34180765..., userDataDir: C:\Users\Sachin\AppData\Loc...}, networkConnectionEnabled: false, pageLoadStrategy: normal, platformName: WINDOWS, proxy: Proxy(), se:cdp: ws://localhost:50608/devtoo..., se:cdpVersion: 113.0.1774.42, setWindowRect: true, strictFileInteractability: false, timeouts: {implicit: 0, pageLoad: 300000, script: 30000}, unhandledPromptBehavior: dismiss and notify, webauthn:extension:credBlob: true, webauthn:extension:largeBlob: true, webauthn:extension:minPinLength: true, webauthn:extension:prf: true, webauthn:virtualAuthenticators: true}
Session ID: c2faf42d6bcdc27c2d4ee8db242ffdd2]]>
            </message>
            <full-stacktrace>
              <![CDATA[org.openqa.selenium.TimeoutException: Expected condition failed: waiting for number of elements found by By.cssSelector: div[id='typeahead_results']>a>div:nth-of-type(2)>div:nth-of-type(1) to be "5". Current number: "6" (tried for 30 second(s) with 500 milliseconds interval)
Build info: version: '4.4.0', revision: 'e5c75ed026a'
System info: host: 'DESKTOP-6JUGJ4I', ip: '192.168.0.103', os.name: 'Windows 11', os.arch: 'amd64', os.version: '10.0', java.version: '11.0.15.1'
Driver info: org.openqa.selenium.edge.EdgeDriver
Capabilities {acceptInsecureCerts: false, browserName: msedge, browserVersion: 113.0.1774.42, ms:edgeOptions: {debuggerAddress: localhost:50608}, msedge: {msedgedriverVersion: 113.0.1774.42 (881f34180765..., userDataDir: C:\Users\Sachin\AppData\Loc...}, networkConnectionEnabled: false, pageLoadStrategy: normal, platformName: WINDOWS, proxy: Proxy(), se:cdp: ws://localhost:50608/devtoo..., se:cdpVersion: 113.0.1774.42, setWindowRect: true, strictFileInteractability: false, timeouts: {implicit: 0, pageLoad: 300000, script: 30000}, unhandledPromptBehavior: dismiss and notify, webauthn:extension:credBlob: true, webauthn:extension:largeBlob: true, webauthn:extension:minPinLength: true, webauthn:extension:prf: true, webauthn:virtualAuthenticators: true}
Session ID: c2faf42d6bcdc27c2d4ee8db242ffdd2
at org.openqa.selenium.support.ui.WebDriverWait.timeoutException(WebDriverWait.java:87)
at org.openqa.selenium.support.ui.FluentWait.until(FluentWait.java:231)
at com.tripadvisor.webapp.base.BasePage.waitForElementsToBePresentByLocator(BasePage.java:126)
at com.tripadvisor.webapp.pages.UserHomePage.searchPerticularCityThingsToDo(UserHomePage.java:122)
at com.tripadvisor.webapp.tests.UserHomePageTest.TC_TripAdvisor_UserHomePage_002(UserHomePageTest.java:58)
at java.base/jdk.internal.reflect.NativeMethodAccessorImpl.invoke0(Native Method)
at java.base/jdk.internal.reflect.NativeMethodAccessorImpl.invoke(NativeMethodAccessorImpl.java:62)
at java.base/jdk.internal.reflect.DelegatingMethodAccessorImpl.invoke(DelegatingMethodAccessorImpl.java:43)
at java.base/java.lang.reflect.Method.invoke(Method.java:566)
at org.testng.internal.MethodInvocationHelper.invokeMethod(MethodInvocationHelper.java:133)
at org.testng.internal.TestInvoker.invokeMethod(TestInvoker.java:598)
at org.testng.internal.TestInvoker.invokeTestMethod(TestInvoker.java:173)
at org.testng.internal.MethodRunner.runInSequence(MethodRunner.java:46)
at org.testng.internal.TestInvoker$MethodInvocationAgent.invoke(TestInvoker.java:824)
at org.testng.internal.TestInvoker.invokeTestMethods(TestInvoker.java:146)
at org.testng.internal.TestMethodWorker.invokeTestMethods(TestMethodWorker.java:146)
at org.testng.internal.TestMethodWorker.run(TestMethodWorker.java:128)
at java.base/java.util.ArrayList.forEach(ArrayList.java:1541)
at org.testng.TestRunner.privateRun(TestRunner.java:794)
at org.testng.TestRunner.run(TestRunner.java:596)
at org.testng.SuiteRunner.runTest(SuiteRunner.java:377)
at org.testng.SuiteRunner.access$000(SuiteRunner.java:28)
at org.testng.SuiteRunner$SuiteWorker.run(SuiteRunner.java:418)
at org.testng.internal.thread.ThreadUtil.lambda$execute$0(ThreadUtil.java:64)
at java.base/java.util.concurrent.FutureTask.run(FutureTask.java:264)
at java.base/java.util.concurrent.ThreadPoolExecutor.runWorker(ThreadPoolExecutor.java:1128)
at java.base/java.util.concurrent.ThreadPoolExecutor$Worker.run(ThreadPoolExecutor.java:628)
at java.base/java.lang.Thread.run(Thread.java:834)
]]>
            </full-stacktrace>
          </exception> <!-- org.openqa.selenium.TimeoutException -->
          <reporter-output>
            <line>
              <![CDATA[<a href=F:\VrushaliTestingData\FinalGitHubProjects\TestingTripAdvisor/screenshots/Thu_May_18_17_33_06_IST_2023_1684411386400.png>FailedTest Screenshot </a>]]>
            </line>
          </reporter-output>
        </test-method> <!-- TC_TripAdvisor_UserHomePage_002 -->
        <test-method is-config="true" signature="tearDown()[pri:0, instance:com.tripadvisor.webapp.tests.UserHomePageTest@5a7fe64f]" started-at="2023-05-18T17:33:06 IST" name="tearDown" finished-at="2023-05-18T17:33:07 IST" duration-ms="1192" status="PASS">
          <reporter-output>
          </reporter-output>
        </test-method> <!-- tearDown -->
      </class> <!-- com.tripadvisor.webapp.tests.UserHomePageTest -->
      <class name="com.tripadvisor.webapp.tests.PuneHomePageTest">
        <test-method is-config="true" signature="init(java.lang.String)[pri:0, instance:com.tripadvisor.webapp.tests.PuneHomePageTest@38145825]" started-at="2023-05-18T17:33:07 IST" name="init" finished-at="2023-05-18T17:33:13 IST" duration-ms="5638" status="PASS">
          <params>
            <param index="0">
              <value>
                <![CDATA[microsoftEdge]]>
              </value>
            </param>
          </params>
          <reporter-output>
          </reporter-output>
        </test-method> <!-- init -->
        <test-method signature="TC_TripAdvisor_PuneHomePage_001()[pri:0, instance:com.tripadvisor.webapp.tests.PuneHomePageTest@38145825]" started-at="2023-05-18T17:33:13 IST" name="TC_TripAdvisor_PuneHomePage_001" finished-at="2023-05-18T17:33:51 IST" duration-ms="38054" status="PASS">
          <reporter-output>
          </reporter-output>
        </test-method> <!-- TC_TripAdvisor_PuneHomePage_001 -->
        <test-method is-config="true" signature="tearDown()[pri:0, instance:com.tripadvisor.webapp.tests.PuneHomePageTest@38145825]" started-at="2023-05-18T17:33:51 IST" name="tearDown" finished-at="2023-05-18T17:33:52 IST" duration-ms="852" status="PASS">
          <reporter-output>
          </reporter-output>
        </test-method> <!-- tearDown -->
        <test-method is-config="true" signature="init(java.lang.String)[pri:0, instance:com.tripadvisor.webapp.tests.PuneHomePageTest@38145825]" started-at="2023-05-18T17:33:52 IST" name="init" finished-at="2023-05-18T17:33:56 IST" duration-ms="4080" status="PASS">
          <params>
            <param index="0">
              <value>
                <![CDATA[microsoftEdge]]>
              </value>
            </param>
          </params>
          <reporter-output>
          </reporter-output>
        </test-method> <!-- init -->
        <test-method signature="TC_TripAdvisor_PuneHomePage_002()[pri:0, instance:com.tripadvisor.webapp.tests.PuneHomePageTest@38145825]" started-at="2023-05-18T17:33:56 IST" name="TC_TripAdvisor_PuneHomePage_002" finished-at="2023-05-18T17:34:07 IST" duration-ms="11191" status="PASS">
          <reporter-output>
          </reporter-output>
        </test-method> <!-- TC_TripAdvisor_PuneHomePage_002 -->
        <test-method is-config="true" signature="tearDown()[pri:0, instance:com.tripadvisor.webapp.tests.PuneHomePageTest@38145825]" started-at="2023-05-18T17:34:07 IST" name="tearDown" finished-at="2023-05-18T17:34:08 IST" duration-ms="891" status="PASS">
          <reporter-output>
          </reporter-output>
        </test-method> <!-- tearDown -->
      </class> <!-- com.tripadvisor.webapp.tests.PuneHomePageTest -->
      <class name="com.tripadvisor.webapp.tests.SignInPageTest">
        <test-method is-config="true" signature="init(java.lang.String)[pri:0, instance:com.tripadvisor.webapp.tests.SignInPageTest@12591ac8]" started-at="2023-05-18T17:28:58 IST" name="init" finished-at="2023-05-18T17:29:03 IST" duration-ms="4685" status="PASS">
          <params>
            <param index="0">
              <value>
                <![CDATA[microsoftEdge]]>
              </value>
            </param>
          </params>
          <reporter-output>
          </reporter-output>
        </test-method> <!-- init -->
        <test-method signature="TC_TripAdvisor_SignInPage_001()[pri:0, instance:com.tripadvisor.webapp.tests.SignInPageTest@12591ac8]" started-at="2023-05-18T17:29:03 IST" name="TC_TripAdvisor_SignInPage_001" finished-at="2023-05-18T17:29:09 IST" duration-ms="6414" status="PASS">
          <reporter-output>
          </reporter-output>
        </test-method> <!-- TC_TripAdvisor_SignInPage_001 -->
        <test-method is-config="true" signature="tearDown()[pri:0, instance:com.tripadvisor.webapp.tests.SignInPageTest@12591ac8]" started-at="2023-05-18T17:29:09 IST" name="tearDown" finished-at="2023-05-18T17:29:10 IST" duration-ms="924" status="PASS">
          <reporter-output>
          </reporter-output>
        </test-method> <!-- tearDown -->
        <test-method is-config="true" signature="init(java.lang.String)[pri:0, instance:com.tripadvisor.webapp.tests.SignInPageTest@12591ac8]" started-at="2023-05-18T17:29:10 IST" name="init" finished-at="2023-05-18T17:29:17 IST" duration-ms="6938" status="PASS">
          <params>
            <param index="0">
              <value>
                <![CDATA[microsoftEdge]]>
              </value>
            </param>
          </params>
          <reporter-output>
          </reporter-output>
        </test-method> <!-- init -->
        <test-method signature="TC_TripAdvisor_SignInPage_002()[pri:0, instance:com.tripadvisor.webapp.tests.SignInPageTest@12591ac8]" started-at="2023-05-18T17:29:17 IST" name="TC_TripAdvisor_SignInPage_002" finished-at="2023-05-18T17:29:26 IST" duration-ms="8668" status="PASS">
          <reporter-output>
          </reporter-output>
        </test-method> <!-- TC_TripAdvisor_SignInPage_002 -->
        <test-method is-config="true" signature="tearDown()[pri:0, instance:com.tripadvisor.webapp.tests.SignInPageTest@12591ac8]" started-at="2023-05-18T17:29:26 IST" name="tearDown" finished-at="2023-05-18T17:29:27 IST" duration-ms="754" status="PASS">
          <reporter-output>
          </reporter-output>
        </test-method> <!-- tearDown -->
        <test-method is-config="true" signature="init(java.lang.String)[pri:0, instance:com.tripadvisor.webapp.tests.SignInPageTest@12591ac8]" started-at="2023-05-18T17:29:27 IST" name="init" finished-at="2023-05-18T17:29:36 IST" duration-ms="8888" status="PASS">
          <params>
            <param index="0">
              <value>
                <![CDATA[microsoftEdge]]>
              </value>
            </param>
          </params>
          <reporter-output>
          </reporter-output>
        </test-method> <!-- init -->
        <test-method signature="TC_TripAdvisor_SignInPage_003()[pri:0, instance:com.tripadvisor.webapp.tests.SignInPageTest@12591ac8]" started-at="2023-05-18T17:29:36 IST" name="TC_TripAdvisor_SignInPage_003" finished-at="2023-05-18T17:30:14 IST" duration-ms="38695" status="FAIL">
          <exception class="org.openqa.selenium.TimeoutException">
            <message>
              <![CDATA[Expected condition failed: waiting for visibility of Proxy element for: DefaultElementLocator 'By.cssSelector: button[id='facebookBtn']' (tried for 30 second(s) with 500 milliseconds interval)]]>
            </message>
            <full-stacktrace>
              <![CDATA[org.openqa.selenium.TimeoutException: Expected condition failed: waiting for visibility of Proxy element for: DefaultElementLocator 'By.cssSelector: button[id='facebookBtn']' (tried for 30 second(s) with 500 milliseconds interval)
at org.openqa.selenium.support.ui.WebDriverWait.timeoutException(WebDriverWait.java:87)
at org.openqa.selenium.support.ui.FluentWait.until(FluentWait.java:231)
at com.tripadvisor.webapp.base.BasePage.waitForElementToBePresent(BasePage.java:59)
at com.tripadvisor.webapp.pages.SignInPage.textOnContinueWithFacebook(SignInPage.java:69)
at com.tripadvisor.webapp.tests.SignInPageTest.TC_TripAdvisor_SignInPage_003(SignInPageTest.java:71)
at java.base/jdk.internal.reflect.NativeMethodAccessorImpl.invoke0(Native Method)
at java.base/jdk.internal.reflect.NativeMethodAccessorImpl.invoke(NativeMethodAccessorImpl.java:62)
at java.base/jdk.internal.reflect.DelegatingMethodAccessorImpl.invoke(DelegatingMethodAccessorImpl.java:43)
at java.base/java.lang.reflect.Method.invoke(Method.java:566)
at org.testng.internal.MethodInvocationHelper.invokeMethod(MethodInvocationHelper.java:133)
at org.testng.internal.TestInvoker.invokeMethod(TestInvoker.java:598)
at org.testng.internal.TestInvoker.invokeTestMethod(TestInvoker.java:173)
at org.testng.internal.MethodRunner.runInSequence(MethodRunner.java:46)
at org.testng.internal.TestInvoker$MethodInvocationAgent.invoke(TestInvoker.java:824)
at org.testng.internal.TestInvoker.invokeTestMethods(TestInvoker.java:146)
at org.testng.internal.TestMethodWorker.invokeTestMethods(TestMethodWorker.java:146)
at org.testng.internal.TestMethodWorker.run(TestMethodWorker.java:128)
at java.base/java.util.ArrayList.forEach(ArrayList.java:1541)
at org.testng.TestRunner.privateRun(TestRunner.java:794)
at org.testng.TestRunner.run(TestRunner.java:596)
at org.testng.SuiteRunner.runTest(SuiteRunner.java:377)
at org.testng.SuiteRunner.access$000(SuiteRunner.java:28)
at org.testng.SuiteRunner$SuiteWorker.run(SuiteRunner.java:418)
at org.testng.internal.thread.ThreadUtil.lambda$execute$0(ThreadUtil.java:64)
at java.base/java.util.concurrent.FutureTask.run(FutureTask.java:264)
at java.base/java.util.concurrent.ThreadPoolExecutor.runWorker(ThreadPoolExecutor.java:1128)
at java.base/java.util.concurrent.ThreadPoolExecutor$Worker.run(ThreadPoolExecutor.java:628)
at java.base/java.lang.Thread.run(Thread.java:834)
Caused by: org.openqa.selenium.NoSuchElementException: no such element: Unable to locate element: {"method":"css selector","selector":"button[id='facebookBtn']"}
  (Session info: MicrosoftEdge=113.0.1774.42)
For documentation on this error, please visit: https://selenium.dev/exceptions/#no_such_element
Build info: version: '4.4.0', revision: 'e5c75ed026a'
System info: host: 'DESKTOP-6JUGJ4I', ip: '192.168.0.103', os.name: 'Windows 11', os.arch: 'amd64', os.version: '10.0', java.version: '11.0.15.1'
Driver info: org.openqa.selenium.edge.EdgeDriver
Command: [c4b7b4a61f301a6937a2ff52008e1a8b, findElement {using=css selector, value=button[id='facebookBtn']}]
Capabilities {acceptInsecureCerts: false, browserName: msedge, browserVersion: 113.0.1774.42, ms:edgeOptions: {debuggerAddress: localhost:64386}, msedge: {msedgedriverVersion: 113.0.1774.42 (881f34180765..., userDataDir: C:\Users\Sachin\AppData\Loc...}, networkConnectionEnabled: false, pageLoadStrategy: normal, platformName: WINDOWS, proxy: Proxy(), se:cdp: ws://localhost:64386/devtoo..., se:cdpVersion: 113.0.1774.42, setWindowRect: true, strictFileInteractability: false, timeouts: {implicit: 0, pageLoad: 300000, script: 30000}, unhandledPromptBehavior: dismiss and notify, webauthn:extension:credBlob: true, webauthn:extension:largeBlob: true, webauthn:extension:minPinLength: true, webauthn:extension:prf: true, webauthn:virtualAuthenticators: true}
Session ID: c4b7b4a61f301a6937a2ff52008e1a8b
at jdk.internal.reflect.GeneratedConstructorAccessor21.newInstance(Unknown Source)
at java.base/jdk.internal.reflect.DelegatingConstructorAccessorImpl.newInstance(DelegatingConstructorAccessorImpl.java:45)
at java.base/java.lang.reflect.Constructor.newInstance(Constructor.java:490)
at org.openqa.selenium.remote.codec.w3c.W3CHttpResponseCodec.createException(W3CHttpResponseCodec.java:200)
at org.openqa.selenium.remote.codec.w3c.W3CHttpResponseCodec.decode(W3CHttpResponseCodec.java:133)
at org.openqa.selenium.remote.codec.w3c.W3CHttpResponseCodec.decode(W3CHttpResponseCodec.java:53)
at org.openqa.selenium.remote.HttpCommandExecutor.execute(HttpCommandExecutor.java:184)
at org.openqa.selenium.remote.service.DriverCommandExecutor.invokeExecute(DriverCommandExecutor.java:167)
at org.openqa.selenium.remote.service.DriverCommandExecutor.execute(DriverCommandExecutor.java:142)
at org.openqa.selenium.remote.RemoteWebDriver.execute(RemoteWebDriver.java:547)
at org.openqa.selenium.remote.ElementLocation$ElementFinder$2.findElement(ElementLocation.java:162)
at org.openqa.selenium.remote.ElementLocation.findElement(ElementLocation.java:60)
at org.openqa.selenium.remote.RemoteWebDriver.findElement(RemoteWebDriver.java:365)
at org.openqa.selenium.remote.RemoteWebDriver.findElement(RemoteWebDriver.java:357)
at org.openqa.selenium.support.pagefactory.DefaultElementLocator.findElement(DefaultElementLocator.java:70)
at org.openqa.selenium.support.pagefactory.internal.LocatingElementHandler.invoke(LocatingElementHandler.java:39)
at com.sun.proxy.$Proxy18.isDisplayed(Unknown Source)
at org.openqa.selenium.support.ui.ExpectedConditions.elementIfVisible(ExpectedConditions.java:307)
at org.openqa.selenium.support.ui.ExpectedConditions.access$000(ExpectedConditions.java:40)
at org.openqa.selenium.support.ui.ExpectedConditions$10.apply(ExpectedConditions.java:293)
at org.openqa.selenium.support.ui.ExpectedConditions$10.apply(ExpectedConditions.java:290)
at org.openqa.selenium.support.ui.FluentWait.until(FluentWait.java:208)
... 26 more
]]>
            </full-stacktrace>
          </exception> <!-- org.openqa.selenium.TimeoutException -->
          <reporter-output>
            <line>
              <![CDATA[<a href=F:\VrushaliTestingData\FinalGitHubProjects\TestingTripAdvisor/screenshots/Thu_May_18_17_30_14_IST_2023_1684411215276.png>FailedTest Screenshot </a>]]>
            </line>
          </reporter-output>
        </test-method> <!-- TC_TripAdvisor_SignInPage_003 -->
        <test-method is-config="true" signature="tearDown()[pri:0, instance:com.tripadvisor.webapp.tests.SignInPageTest@12591ac8]" started-at="2023-05-18T17:30:15 IST" name="tearDown" finished-at="2023-05-18T17:30:16 IST" duration-ms="1375" status="PASS">
          <reporter-output>
          </reporter-output>
        </test-method> <!-- tearDown -->
        <test-method is-config="true" signature="init(java.lang.String)[pri:0, instance:com.tripadvisor.webapp.tests.SignInPageTest@12591ac8]" started-at="2023-05-18T17:30:16 IST" name="init" finished-at="2023-05-18T17:30:22 IST" duration-ms="5426" status="PASS">
          <params>
            <param index="0">
              <value>
                <![CDATA[microsoftEdge]]>
              </value>
            </param>
          </params>
          <reporter-output>
          </reporter-output>
        </test-method> <!-- init -->
        <test-method signature="TC_TripAdvisor_SignInPage_004()[pri:0, instance:com.tripadvisor.webapp.tests.SignInPageTest@12591ac8]" started-at="2023-05-18T17:30:22 IST" name="TC_TripAdvisor_SignInPage_004" finished-at="2023-05-18T17:30:27 IST" duration-ms="5782" status="PASS">
          <reporter-output>
          </reporter-output>
        </test-method> <!-- TC_TripAdvisor_SignInPage_004 -->
        <test-method is-config="true" signature="tearDown()[pri:0, instance:com.tripadvisor.webapp.tests.SignInPageTest@12591ac8]" started-at="2023-05-18T17:30:27 IST" name="tearDown" finished-at="2023-05-18T17:30:28 IST" duration-ms="1035" status="PASS">
          <reporter-output>
          </reporter-output>
        </test-method> <!-- tearDown -->
        <test-method is-config="true" signature="init(java.lang.String)[pri:0, instance:com.tripadvisor.webapp.tests.SignInPageTest@12591ac8]" started-at="2023-05-18T17:30:28 IST" name="init" finished-at="2023-05-18T17:30:36 IST" duration-ms="7548" status="PASS">
          <params>
            <param index="0">
              <value>
                <![CDATA[microsoftEdge]]>
              </value>
            </param>
          </params>
          <reporter-output>
          </reporter-output>
        </test-method> <!-- init -->
        <test-method signature="TC_TripAdvisor_SignInPage_005()[pri:0, instance:com.tripadvisor.webapp.tests.SignInPageTest@12591ac8]" started-at="2023-05-18T17:30:36 IST" name="TC_TripAdvisor_SignInPage_005" finished-at="2023-05-18T17:30:48 IST" duration-ms="11620" status="PASS">
          <reporter-output>
          </reporter-output>
        </test-method> <!-- TC_TripAdvisor_SignInPage_005 -->
        <test-method is-config="true" signature="tearDown()[pri:0, instance:com.tripadvisor.webapp.tests.SignInPageTest@12591ac8]" started-at="2023-05-18T17:30:48 IST" name="tearDown" finished-at="2023-05-18T17:30:49 IST" duration-ms="1237" status="PASS">
          <reporter-output>
          </reporter-output>
        </test-method> <!-- tearDown -->
        <test-method is-config="true" signature="init(java.lang.String)[pri:0, instance:com.tripadvisor.webapp.tests.SignInPageTest@12591ac8]" started-at="2023-05-18T17:30:49 IST" name="init" finished-at="2023-05-18T17:30:56 IST" duration-ms="7626" status="PASS">
          <params>
            <param index="0">
              <value>
                <![CDATA[microsoftEdge]]>
              </value>
            </param>
          </params>
          <reporter-output>
          </reporter-output>
        </test-method> <!-- init -->
        <test-method signature="TC_TripAdvisor_SignInPage_006()[pri:0, instance:com.tripadvisor.webapp.tests.SignInPageTest@12591ac8]" started-at="2023-05-18T17:30:56 IST" name="TC_TripAdvisor_SignInPage_006" finished-at="2023-05-18T17:31:11 IST" duration-ms="14776" status="PASS">
          <reporter-output>
          </reporter-output>
        </test-method> <!-- TC_TripAdvisor_SignInPage_006 -->
        <test-method is-config="true" signature="tearDown()[pri:0, instance:com.tripadvisor.webapp.tests.SignInPageTest@12591ac8]" started-at="2023-05-18T17:31:11 IST" name="tearDown" finished-at="2023-05-18T17:31:13 IST" duration-ms="1356" status="PASS">
          <reporter-output>
          </reporter-output>
        </test-method> <!-- tearDown -->
        <test-method is-config="true" signature="init(java.lang.String)[pri:0, instance:com.tripadvisor.webapp.tests.SignInPageTest@12591ac8]" started-at="2023-05-18T17:31:13 IST" name="init" finished-at="2023-05-18T17:31:18 IST" duration-ms="5174" status="PASS">
          <params>
            <param index="0">
              <value>
                <![CDATA[microsoftEdge]]>
              </value>
            </param>
          </params>
          <reporter-output>
          </reporter-output>
        </test-method> <!-- init -->
        <test-method signature="TC_TripAdvisor_SignInPage_Negative_007(org.apache.poi.ss.usermodel.Row)[pri:0, instance:com.tripadvisor.webapp.tests.SignInPageTest@12591ac8]" started-at="2023-05-18T17:31:18 IST" name="TC_TripAdvisor_SignInPage_Negative_007" data-provider="dataProviderForSignIn" finished-at="2023-05-18T17:31:33 IST" duration-ms="14783" status="PASS">
          <params>
            <param index="0">
              <value>
                <![CDATA[<xml-fragment r="1" spans="1:2" xmlns:r="http://schemas.openxmlformats.org/officeDocument/2006/relationships" xmlns:main="http://schemas.openxmlformats.org/spreadsheetml/2006/main">
  <main:c r="A1" t="s">
    <main:v>0</main:v>
  </main:c>
  <main:c r="B1" t="s">
    <main:v>1</main:v>
  </main:c>
</xml-fragment>]]>
              </value>
            </param>
          </params>
          <reporter-output>
          </reporter-output>
        </test-method> <!-- TC_TripAdvisor_SignInPage_Negative_007 -->
        <test-method is-config="true" signature="tearDown()[pri:0, instance:com.tripadvisor.webapp.tests.SignInPageTest@12591ac8]" started-at="2023-05-18T17:31:33 IST" name="tearDown" finished-at="2023-05-18T17:31:34 IST" duration-ms="1298" status="PASS">
          <reporter-output>
          </reporter-output>
        </test-method> <!-- tearDown -->
        <test-method is-config="true" signature="init(java.lang.String)[pri:0, instance:com.tripadvisor.webapp.tests.SignInPageTest@12591ac8]" started-at="2023-05-18T17:31:34 IST" name="init" finished-at="2023-05-18T17:31:39 IST" duration-ms="5185" status="PASS">
          <params>
            <param index="0">
              <value>
                <![CDATA[microsoftEdge]]>
              </value>
            </param>
          </params>
          <reporter-output>
          </reporter-output>
        </test-method> <!-- init -->
        <test-method signature="TC_TripAdvisor_SignInPage_Negative_007(org.apache.poi.ss.usermodel.Row)[pri:0, instance:com.tripadvisor.webapp.tests.SignInPageTest@12591ac8]" started-at="2023-05-18T17:31:39 IST" name="TC_TripAdvisor_SignInPage_Negative_007" data-provider="dataProviderForSignIn" finished-at="2023-05-18T17:31:49 IST" duration-ms="9826" status="PASS">
          <params>
            <param index="0">
              <value>
                <![CDATA[<xml-fragment r="2" spans="1:2" xmlns:r="http://schemas.openxmlformats.org/officeDocument/2006/relationships" xmlns:main="http://schemas.openxmlformats.org/spreadsheetml/2006/main">
  <main:c r="A2" s="1" t="s">
    <main:v>2</main:v>
  </main:c>
  <main:c r="B2" t="s">
    <main:v>3</main:v>
  </main:c>
</xml-fragment>]]>
              </value>
            </param>
          </params>
          <reporter-output>
          </reporter-output>
        </test-method> <!-- TC_TripAdvisor_SignInPage_Negative_007 -->
        <test-method is-config="true" signature="tearDown()[pri:0, instance:com.tripadvisor.webapp.tests.SignInPageTest@12591ac8]" started-at="2023-05-18T17:31:49 IST" name="tearDown" finished-at="2023-05-18T17:31:50 IST" duration-ms="1027" status="PASS">
          <reporter-output>
          </reporter-output>
        </test-method> <!-- tearDown -->
        <test-method is-config="true" signature="init(java.lang.String)[pri:0, instance:com.tripadvisor.webapp.tests.SignInPageTest@12591ac8]" started-at="2023-05-18T17:31:50 IST" name="init" finished-at="2023-05-18T17:31:55 IST" duration-ms="4548" status="PASS">
          <params>
            <param index="0">
              <value>
                <![CDATA[microsoftEdge]]>
              </value>
            </param>
          </params>
          <reporter-output>
          </reporter-output>
        </test-method> <!-- init -->
        <test-method signature="TC_TripAdvisor_SignInPage_Negative_008()[pri:0, instance:com.tripadvisor.webapp.tests.SignInPageTest@12591ac8]" started-at="2023-05-18T17:31:55 IST" name="TC_TripAdvisor_SignInPage_Negative_008" finished-at="2023-05-18T17:32:04 IST" duration-ms="9657" status="PASS">
          <reporter-output>
          </reporter-output>
        </test-method> <!-- TC_TripAdvisor_SignInPage_Negative_008 -->
        <test-method is-config="true" signature="tearDown()[pri:0, instance:com.tripadvisor.webapp.tests.SignInPageTest@12591ac8]" started-at="2023-05-18T17:32:04 IST" name="tearDown" finished-at="2023-05-18T17:32:05 IST" duration-ms="1067" status="PASS">
          <reporter-output>
          </reporter-output>
        </test-method> <!-- tearDown -->
        <test-method is-config="true" signature="init(java.lang.String)[pri:0, instance:com.tripadvisor.webapp.tests.SignInPageTest@12591ac8]" started-at="2023-05-18T17:32:05 IST" name="init" finished-at="2023-05-18T17:32:10 IST" duration-ms="5047" status="PASS">
          <params>
            <param index="0">
              <value>
                <![CDATA[microsoftEdge]]>
              </value>
            </param>
          </params>
          <reporter-output>
          </reporter-output>
        </test-method> <!-- init -->
        <test-method signature="TC_TripAdvisor_SignInPage_Negative_009()[pri:0, instance:com.tripadvisor.webapp.tests.SignInPageTest@12591ac8]" started-at="2023-05-18T17:32:10 IST" name="TC_TripAdvisor_SignInPage_Negative_009" finished-at="2023-05-18T17:32:19 IST" duration-ms="8811" status="FAIL">
          <exception class="java.lang.AssertionError">
            <message>
              <![CDATA[Some error in login page expected [Your password should be at least 6 characters long.] but found [Your password must be at least 10 characters. Please try again.]]]>
            </message>
            <full-stacktrace>
              <![CDATA[java.lang.AssertionError: Some error in login page expected [Your password should be at least 6 characters long.] but found [Your password must be at least 10 characters. Please try again.]
at org.testng.Assert.fail(Assert.java:99)
at org.testng.Assert.failNotEquals(Assert.java:1037)
at org.testng.Assert.assertEqualsImpl(Assert.java:140)
at org.testng.Assert.assertEquals(Assert.java:122)
at org.testng.Assert.assertEquals(Assert.java:629)
at com.tripadvisor.webapp.tests.SignInPageTest.TC_TripAdvisor_SignInPage_Negative_009(SignInPageTest.java:178)
at java.base/jdk.internal.reflect.NativeMethodAccessorImpl.invoke0(Native Method)
at java.base/jdk.internal.reflect.NativeMethodAccessorImpl.invoke(NativeMethodAccessorImpl.java:62)
at java.base/jdk.internal.reflect.DelegatingMethodAccessorImpl.invoke(DelegatingMethodAccessorImpl.java:43)
at java.base/java.lang.reflect.Method.invoke(Method.java:566)
at org.testng.internal.MethodInvocationHelper.invokeMethod(MethodInvocationHelper.java:133)
at org.testng.internal.TestInvoker.invokeMethod(TestInvoker.java:598)
at org.testng.internal.TestInvoker.invokeTestMethod(TestInvoker.java:173)
at org.testng.internal.MethodRunner.runInSequence(MethodRunner.java:46)
at org.testng.internal.TestInvoker$MethodInvocationAgent.invoke(TestInvoker.java:824)
at org.testng.internal.TestInvoker.invokeTestMethods(TestInvoker.java:146)
at org.testng.internal.TestMethodWorker.invokeTestMethods(TestMethodWorker.java:146)
at org.testng.internal.TestMethodWorker.run(TestMethodWorker.java:128)
at java.base/java.util.ArrayList.forEach(ArrayList.java:1541)
at org.testng.TestRunner.privateRun(TestRunner.java:794)
at org.testng.TestRunner.run(TestRunner.java:596)
at org.testng.SuiteRunner.runTest(SuiteRunner.java:377)
at org.testng.SuiteRunner.access$000(SuiteRunner.java:28)
at org.testng.SuiteRunner$SuiteWorker.run(SuiteRunner.java:418)
at org.testng.internal.thread.ThreadUtil.lambda$execute$0(ThreadUtil.java:64)
at java.base/java.util.concurrent.FutureTask.run(FutureTask.java:264)
at java.base/java.util.concurrent.ThreadPoolExecutor.runWorker(ThreadPoolExecutor.java:1128)
at java.base/java.util.concurrent.ThreadPoolExecutor$Worker.run(ThreadPoolExecutor.java:628)
at java.base/java.lang.Thread.run(Thread.java:834)
]]>
            </full-stacktrace>
          </exception> <!-- java.lang.AssertionError -->
          <reporter-output>
            <line>
              <![CDATA[<a href=F:\VrushaliTestingData\FinalGitHubProjects\TestingTripAdvisor/screenshots/Thu_May_18_17_32_19_IST_2023_1684411339824.png>FailedTest Screenshot </a>]]>
            </line>
          </reporter-output>
        </test-method> <!-- TC_TripAdvisor_SignInPage_Negative_009 -->
        <test-method is-config="true" signature="tearDown()[pri:0, instance:com.tripadvisor.webapp.tests.SignInPageTest@12591ac8]" started-at="2023-05-18T17:32:19 IST" name="tearDown" finished-at="2023-05-18T17:32:20 IST" duration-ms="778" status="PASS">
          <reporter-output>
          </reporter-output>
        </test-method> <!-- tearDown -->
      </class> <!-- com.tripadvisor.webapp.tests.SignInPageTest -->
      <class name="com.tripadvisor.webapp.tests.HomePageTest">
        <test-method is-config="true" signature="init(java.lang.String)[pri:0, instance:com.tripadvisor.webapp.tests.HomePageTest@14bdbc74]" started-at="2023-05-18T17:28:26 IST" name="init" finished-at="2023-05-18T17:28:40 IST" duration-ms="13444" status="PASS">
          <params>
            <param index="0">
              <value>
                <![CDATA[microsoftEdge]]>
              </value>
            </param>
          </params>
          <reporter-output>
          </reporter-output>
        </test-method> <!-- init -->
        <test-method signature="TC_TripAdvisor_HomePage_001()[pri:0, instance:com.tripadvisor.webapp.tests.HomePageTest@14bdbc74]" started-at="2023-05-18T17:28:40 IST" name="TC_TripAdvisor_HomePage_001" finished-at="2023-05-18T17:28:43 IST" duration-ms="3916" status="PASS">
          <reporter-output>
          </reporter-output>
        </test-method> <!-- TC_TripAdvisor_HomePage_001 -->
        <test-method is-config="true" signature="tearDown()[pri:0, instance:com.tripadvisor.webapp.tests.HomePageTest@14bdbc74]" started-at="2023-05-18T17:28:43 IST" name="tearDown" finished-at="2023-05-18T17:28:44 IST" duration-ms="852" status="PASS">
          <reporter-output>
          </reporter-output>
        </test-method> <!-- tearDown -->
        <test-method is-config="true" signature="init(java.lang.String)[pri:0, instance:com.tripadvisor.webapp.tests.HomePageTest@14bdbc74]" started-at="2023-05-18T17:28:44 IST" name="init" finished-at="2023-05-18T17:28:52 IST" duration-ms="7786" status="PASS">
          <params>
            <param index="0">
              <value>
                <![CDATA[microsoftEdge]]>
              </value>
            </param>
          </params>
          <reporter-output>
          </reporter-output>
        </test-method> <!-- init -->
        <test-method signature="TC_TripAdvisor_HomePage_002()[pri:0, instance:com.tripadvisor.webapp.tests.HomePageTest@14bdbc74]" started-at="2023-05-18T17:28:52 IST" name="TC_TripAdvisor_HomePage_002" finished-at="2023-05-18T17:28:52 IST" duration-ms="116" status="PASS">
          <reporter-output>
          </reporter-output>
        </test-method> <!-- TC_TripAdvisor_HomePage_002 -->
        <test-method is-config="true" signature="tearDown()[pri:0, instance:com.tripadvisor.webapp.tests.HomePageTest@14bdbc74]" started-at="2023-05-18T17:28:52 IST" name="tearDown" finished-at="2023-05-18T17:28:53 IST" duration-ms="763" status="PASS">
          <reporter-output>
          </reporter-output>
        </test-method> <!-- tearDown -->
        <test-method is-config="true" signature="init(java.lang.String)[pri:0, instance:com.tripadvisor.webapp.tests.HomePageTest@14bdbc74]" started-at="2023-05-18T17:28:53 IST" name="init" finished-at="2023-05-18T17:28:57 IST" duration-ms="4347" status="PASS">
          <params>
            <param index="0">
              <value>
                <![CDATA[microsoftEdge]]>
              </value>
            </param>
          </params>
          <reporter-output>
          </reporter-output>
        </test-method> <!-- init -->
        <test-method signature="TC_TripAdvisor_HomePage_003()[pri:0, instance:com.tripadvisor.webapp.tests.HomePageTest@14bdbc74]" started-at="2023-05-18T17:28:57 IST" name="TC_TripAdvisor_HomePage_003" finished-at="2023-05-18T17:28:57 IST" duration-ms="155" status="PASS">
          <reporter-output>
          </reporter-output>
        </test-method> <!-- TC_TripAdvisor_HomePage_003 -->
        <test-method is-config="true" signature="tearDown()[pri:0, instance:com.tripadvisor.webapp.tests.HomePageTest@14bdbc74]" started-at="2023-05-18T17:28:57 IST" name="tearDown" finished-at="2023-05-18T17:28:58 IST" duration-ms="871" status="PASS">
          <reporter-output>
          </reporter-output>
        </test-method> <!-- tearDown -->
      </class> <!-- com.tripadvisor.webapp.tests.HomePageTest -->
      <class name="com.tripadvisor.webapp.tests.FunctionalTest">
        <test-method is-config="true" signature="init(java.lang.String)[pri:0, instance:com.tripadvisor.webapp.tests.FunctionalTest@41330d4f]" started-at="2023-05-18T17:34:08 IST" name="init" finished-at="2023-05-18T17:34:13 IST" duration-ms="4835" status="PASS">
          <params>
            <param index="0">
              <value>
                <![CDATA[microsoftEdge]]>
              </value>
            </param>
          </params>
          <reporter-output>
          </reporter-output>
        </test-method> <!-- init -->
        <test-method signature="TC_TripAdvisor_PuneHomePage_002()[pri:0, instance:com.tripadvisor.webapp.tests.FunctionalTest@41330d4f]" started-at="2023-05-18T17:34:13 IST" name="TC_TripAdvisor_PuneHomePage_002" finished-at="2023-05-18T17:34:49 IST" duration-ms="36713" status="FAIL">
          <exception class="org.openqa.selenium.TimeoutException">
            <message>
              <![CDATA[Expected condition failed: waiting for element to be clickable: Proxy element for: DefaultElementLocator 'By.cssSelector: div[class='slvrn Z0 Wh EcFTp']>form>input[type='search']' (tried for 30 second(s) with 500 milliseconds interval)]]>
            </message>
            <full-stacktrace>
              <![CDATA[org.openqa.selenium.TimeoutException: Expected condition failed: waiting for element to be clickable: Proxy element for: DefaultElementLocator 'By.cssSelector: div[class='slvrn Z0 Wh EcFTp']>form>input[type='search']' (tried for 30 second(s) with 500 milliseconds interval)
at org.openqa.selenium.support.ui.WebDriverWait.timeoutException(WebDriverWait.java:87)
at org.openqa.selenium.support.ui.FluentWait.until(FluentWait.java:231)
at com.tripadvisor.webapp.base.BasePage.waitForElementToBeClickable(BasePage.java:102)
at com.tripadvisor.webapp.pages.UserHomePage.searchPerticularCity(UserHomePage.java:84)
at com.tripadvisor.webapp.tests.FunctionalTest.TC_TripAdvisor_PuneHomePage_002(FunctionalTest.java:46)
at java.base/jdk.internal.reflect.NativeMethodAccessorImpl.invoke0(Native Method)
at java.base/jdk.internal.reflect.NativeMethodAccessorImpl.invoke(NativeMethodAccessorImpl.java:62)
at java.base/jdk.internal.reflect.DelegatingMethodAccessorImpl.invoke(DelegatingMethodAccessorImpl.java:43)
at java.base/java.lang.reflect.Method.invoke(Method.java:566)
at org.testng.internal.MethodInvocationHelper.invokeMethod(MethodInvocationHelper.java:133)
at org.testng.internal.TestInvoker.invokeMethod(TestInvoker.java:598)
at org.testng.internal.TestInvoker.invokeTestMethod(TestInvoker.java:173)
at org.testng.internal.MethodRunner.runInSequence(MethodRunner.java:46)
at org.testng.internal.TestInvoker$MethodInvocationAgent.invoke(TestInvoker.java:824)
at org.testng.internal.TestInvoker.invokeTestMethods(TestInvoker.java:146)
at org.testng.internal.TestMethodWorker.invokeTestMethods(TestMethodWorker.java:146)
at org.testng.internal.TestMethodWorker.run(TestMethodWorker.java:128)
at java.base/java.util.ArrayList.forEach(ArrayList.java:1541)
at org.testng.TestRunner.privateRun(TestRunner.java:794)
at org.testng.TestRunner.run(TestRunner.java:596)
at org.testng.SuiteRunner.runTest(SuiteRunner.java:377)
at org.testng.SuiteRunner.access$000(SuiteRunner.java:28)
at org.testng.SuiteRunner$SuiteWorker.run(SuiteRunner.java:418)
at org.testng.internal.thread.ThreadUtil.lambda$execute$0(ThreadUtil.java:64)
at java.base/java.util.concurrent.FutureTask.run(FutureTask.java:264)
at java.base/java.util.concurrent.ThreadPoolExecutor.runWorker(ThreadPoolExecutor.java:1128)
at java.base/java.util.concurrent.ThreadPoolExecutor$Worker.run(ThreadPoolExecutor.java:628)
at java.base/java.lang.Thread.run(Thread.java:834)
Caused by: org.openqa.selenium.NoSuchElementException: no such element: Unable to locate element: {"method":"css selector","selector":"div[class='slvrn Z0 Wh EcFTp']>form>input[type='search']"}
  (Session info: MicrosoftEdge=113.0.1774.42)
For documentation on this error, please visit: https://selenium.dev/exceptions/#no_such_element
Build info: version: '4.4.0', revision: 'e5c75ed026a'
System info: host: 'DESKTOP-6JUGJ4I', ip: '192.168.0.103', os.name: 'Windows 11', os.arch: 'amd64', os.version: '10.0', java.version: '11.0.15.1'
Driver info: org.openqa.selenium.edge.EdgeDriver
Command: [91a86182a4d47c67fba4659606f715ad, findElement {using=css selector, value=div[class='slvrn Z0 Wh EcFTp']>form>input[type='search']}]
Capabilities {acceptInsecureCerts: false, browserName: msedge, browserVersion: 113.0.1774.42, ms:edgeOptions: {debuggerAddress: localhost:51730}, msedge: {msedgedriverVersion: 113.0.1774.42 (881f34180765..., userDataDir: C:\Users\Sachin\AppData\Loc...}, networkConnectionEnabled: false, pageLoadStrategy: normal, platformName: WINDOWS, proxy: Proxy(), se:cdp: ws://localhost:51730/devtoo..., se:cdpVersion: 113.0.1774.42, setWindowRect: true, strictFileInteractability: false, timeouts: {implicit: 0, pageLoad: 300000, script: 30000}, unhandledPromptBehavior: dismiss and notify, webauthn:extension:credBlob: true, webauthn:extension:largeBlob: true, webauthn:extension:minPinLength: true, webauthn:extension:prf: true, webauthn:virtualAuthenticators: true}
Session ID: 91a86182a4d47c67fba4659606f715ad
at jdk.internal.reflect.GeneratedConstructorAccessor21.newInstance(Unknown Source)
at java.base/jdk.internal.reflect.DelegatingConstructorAccessorImpl.newInstance(DelegatingConstructorAccessorImpl.java:45)
at java.base/java.lang.reflect.Constructor.newInstance(Constructor.java:490)
at org.openqa.selenium.remote.codec.w3c.W3CHttpResponseCodec.createException(W3CHttpResponseCodec.java:200)
at org.openqa.selenium.remote.codec.w3c.W3CHttpResponseCodec.decode(W3CHttpResponseCodec.java:133)
at org.openqa.selenium.remote.codec.w3c.W3CHttpResponseCodec.decode(W3CHttpResponseCodec.java:53)
at org.openqa.selenium.remote.HttpCommandExecutor.execute(HttpCommandExecutor.java:184)
at org.openqa.selenium.remote.service.DriverCommandExecutor.invokeExecute(DriverCommandExecutor.java:167)
at org.openqa.selenium.remote.service.DriverCommandExecutor.execute(DriverCommandExecutor.java:142)
at org.openqa.selenium.remote.RemoteWebDriver.execute(RemoteWebDriver.java:547)
at org.openqa.selenium.remote.ElementLocation$ElementFinder$2.findElement(ElementLocation.java:162)
at org.openqa.selenium.remote.ElementLocation.findElement(ElementLocation.java:60)
at org.openqa.selenium.remote.RemoteWebDriver.findElement(RemoteWebDriver.java:365)
at org.openqa.selenium.remote.RemoteWebDriver.findElement(RemoteWebDriver.java:357)
at org.openqa.selenium.support.pagefactory.DefaultElementLocator.findElement(DefaultElementLocator.java:70)
at org.openqa.selenium.support.pagefactory.internal.LocatingElementHandler.invoke(LocatingElementHandler.java:39)
at com.sun.proxy.$Proxy18.isDisplayed(Unknown Source)
at org.openqa.selenium.support.ui.ExpectedConditions.elementIfVisible(ExpectedConditions.java:307)
at org.openqa.selenium.support.ui.ExpectedConditions.access$000(ExpectedConditions.java:40)
at org.openqa.selenium.support.ui.ExpectedConditions$10.apply(ExpectedConditions.java:293)
at org.openqa.selenium.support.ui.ExpectedConditions$10.apply(ExpectedConditions.java:290)
at org.openqa.selenium.support.ui.ExpectedConditions$23.apply(ExpectedConditions.java:660)
at org.openqa.selenium.support.ui.ExpectedConditions$23.apply(ExpectedConditions.java:656)
at org.openqa.selenium.support.ui.FluentWait.until(FluentWait.java:208)
... 26 more
]]>
            </full-stacktrace>
          </exception> <!-- org.openqa.selenium.TimeoutException -->
          <reporter-output>
            <line>
              <![CDATA[<a href=F:\VrushaliTestingData\FinalGitHubProjects\TestingTripAdvisor/screenshots/Thu_May_18_17_34_49_IST_2023_1684411490064.png>FailedTest Screenshot </a>]]>
            </line>
          </reporter-output>
        </test-method> <!-- TC_TripAdvisor_PuneHomePage_002 -->
        <test-method is-config="true" signature="tearDown()[pri:0, instance:com.tripadvisor.webapp.tests.FunctionalTest@41330d4f]" started-at="2023-05-18T17:34:50 IST" name="tearDown" finished-at="2023-05-18T17:34:50 IST" duration-ms="824" status="PASS">
          <reporter-output>
          </reporter-output>
        </test-method> <!-- tearDown -->
      </class> <!-- com.tripadvisor.webapp.tests.FunctionalTest -->
    </test> <!-- TestsOnEdge -->
  </suite> <!-- Suite -->
</testng-results>
