<?xml version="1.0" encoding="UTF-8"?>
<!-- Generated by org.testng.reporters.JUnitReportReporter -->
<testsuite hostname="DESKTOP-6JUGJ4I" failures="2" tests="20" name="com.tripadvisor.webapp.tests.SignInPageTest" time="373.254" errors="2" timestamp="2023-05-18T17:34:51 IST" skipped="0">
  <testcase classname="com.tripadvisor.webapp.tests.SignInPageTest" name="TC_TripAdvisor_SignInPage_003" time="44.059">
    <error message="Expected condition failed: waiting for visibility of Proxy element for: DefaultElementLocator &#039;By.cssSelector: button[id=&#039;facebookBtn&#039;]&#039; (tried for 30 second(s) with 500 milliseconds interval)" type="org.openqa.selenium.TimeoutException">
      <![CDATA[org.openqa.selenium.TimeoutException: Expected condition failed: waiting for visibility of Proxy element for: DefaultElementLocator 'By.cssSelector: button[id='facebookBtn']' (tried for 30 second(s) with 500 milliseconds interval)
at org.openqa.selenium.support.ui.WebDriverWait.timeoutException(WebDriverWait.java:87)
at org.openqa.selenium.support.ui.FluentWait.until(FluentWait.java:231)
at com.tripadvisor.webapp.base.BasePage.waitForElementToBePresent(BasePage.java:59)
at com.tripadvisor.webapp.pages.SignInPage.textOnContinueWithFacebook(SignInPage.java:69)
at com.tripadvisor.webapp.tests.SignInPageTest.TC_TripAdvisor_SignInPage_003(SignInPageTest.java:71)
at java.base/jdk.internal.reflect.NativeMethodAccessorImpl.invoke0(Native Method)
at java.base/jdk.internal.reflect.NativeMethodAccessorImpl.invoke(NativeMethodAccessorImpl.java:62)
at java.base/jdk.internal.reflect.DelegatingMethodAccessorImpl.invoke(DelegatingMethodAccessorImpl.java:43)
at java.base/java.lang.reflect.Method.invoke(Method.java:566)
at org.testng.internal.MethodInvocationHelper.invokeMethod(MethodInvocationHelper.java:133)
at org.testng.internal.TestInvoker.invokeMethod(TestInvoker.java:598)
at org.testng.internal.TestInvoker.invokeTestMethod(TestInvoker.java:173)
at org.testng.internal.MethodRunner.runInSequence(MethodRunner.java:46)
at org.testng.internal.TestInvoker$MethodInvocationAgent.invoke(TestInvoker.java:824)
at org.testng.internal.TestInvoker.invokeTestMethods(TestInvoker.java:146)
at org.testng.internal.TestMethodWorker.invokeTestMethods(TestMethodWorker.java:146)
at org.testng.internal.TestMethodWorker.run(TestMethodWorker.java:128)
at java.base/java.util.ArrayList.forEach(ArrayList.java:1541)
at org.testng.TestRunner.privateRun(TestRunner.java:794)
at org.testng.TestRunner.run(TestRunner.java:596)
at org.testng.SuiteRunner.runTest(SuiteRunner.java:377)
at org.testng.SuiteRunner.access$000(SuiteRunner.java:28)
at org.testng.SuiteRunner$SuiteWorker.run(SuiteRunner.java:418)
at org.testng.internal.thread.ThreadUtil.lambda$execute$0(ThreadUtil.java:64)
at java.base/java.util.concurrent.FutureTask.run(FutureTask.java:264)
at java.base/java.util.concurrent.ThreadPoolExecutor.runWorker(ThreadPoolExecutor.java:1128)
at java.base/java.util.concurrent.ThreadPoolExecutor$Worker.run(ThreadPoolExecutor.java:628)
at java.base/java.lang.Thread.run(Thread.java:834)
Caused by: org.openqa.selenium.NoSuchElementException: no such element: Unable to locate element: {"method":"css selector","selector":"button[id='facebookBtn']"}
  (Session info: chrome=113.0.5672.94)
For documentation on this error, please visit: https://selenium.dev/exceptions/#no_such_element
Build info: version: '4.4.0', revision: 'e5c75ed026a'
System info: host: 'DESKTOP-6JUGJ4I', ip: '192.168.0.103', os.name: 'Windows 11', os.arch: 'amd64', os.version: '10.0', java.version: '11.0.15.1'
Driver info: org.openqa.selenium.chrome.ChromeDriver
Command: [53490639eb9f3992cb728d55e7710d0b, findElement {using=css selector, value=button[id='facebookBtn']}]
Capabilities {acceptInsecureCerts: false, browserName: chrome, browserVersion: 113.0.5672.94, chrome: {chromedriverVersion: 113.0.5672.63 (0e1a4471d5ae..., userDataDir: C:\Users\Sachin\AppData\Loc...}, goog:chromeOptions: {debuggerAddress: localhost:64216}, networkConnectionEnabled: false, pageLoadStrategy: normal, platformName: WINDOWS, proxy: Proxy(), se:cdp: ws://localhost:64216/devtoo..., se:cdpVersion: 113.0.5672.94, setWindowRect: true, strictFileInteractability: false, timeouts: {implicit: 0, pageLoad: 300000, script: 30000}, unhandledPromptBehavior: dismiss and notify, webauthn:extension:credBlob: true, webauthn:extension:largeBlob: true, webauthn:extension:minPinLength: true, webauthn:extension:prf: true, webauthn:virtualAuthenticators: true}
Session ID: 53490639eb9f3992cb728d55e7710d0b
at jdk.internal.reflect.GeneratedConstructorAccessor21.newInstance(Unknown Source)
at java.base/jdk.internal.reflect.DelegatingConstructorAccessorImpl.newInstance(DelegatingConstructorAccessorImpl.java:45)
at java.base/java.lang.reflect.Constructor.newInstance(Constructor.java:490)
at org.openqa.selenium.remote.codec.w3c.W3CHttpResponseCodec.createException(W3CHttpResponseCodec.java:200)
at org.openqa.selenium.remote.codec.w3c.W3CHttpResponseCodec.decode(W3CHttpResponseCodec.java:133)
at org.openqa.selenium.remote.codec.w3c.W3CHttpResponseCodec.decode(W3CHttpResponseCodec.java:53)
at org.openqa.selenium.remote.HttpCommandExecutor.execute(HttpCommandExecutor.java:184)
at org.openqa.selenium.remote.service.DriverCommandExecutor.invokeExecute(DriverCommandExecutor.java:167)
at org.openqa.selenium.remote.service.DriverCommandExecutor.execute(DriverCommandExecutor.java:142)
at org.openqa.selenium.remote.RemoteWebDriver.execute(RemoteWebDriver.java:547)
at org.openqa.selenium.remote.ElementLocation$ElementFinder$2.findElement(ElementLocation.java:162)
at org.openqa.selenium.remote.ElementLocation.findElement(ElementLocation.java:60)
at org.openqa.selenium.remote.RemoteWebDriver.findElement(RemoteWebDriver.java:365)
at org.openqa.selenium.remote.RemoteWebDriver.findElement(RemoteWebDriver.java:357)
at org.openqa.selenium.support.pagefactory.DefaultElementLocator.findElement(DefaultElementLocator.java:70)
at org.openqa.selenium.support.pagefactory.internal.LocatingElementHandler.invoke(LocatingElementHandler.java:39)
at com.sun.proxy.$Proxy18.isDisplayed(Unknown Source)
at org.openqa.selenium.support.ui.ExpectedConditions.elementIfVisible(ExpectedConditions.java:307)
at org.openqa.selenium.support.ui.ExpectedConditions.access$000(ExpectedConditions.java:40)
at org.openqa.selenium.support.ui.ExpectedConditions$10.apply(ExpectedConditions.java:293)
at org.openqa.selenium.support.ui.ExpectedConditions$10.apply(ExpectedConditions.java:290)
at org.openqa.selenium.support.ui.FluentWait.until(FluentWait.java:208)
... 26 more
]]>
    </error>
  </testcase> <!-- TC_TripAdvisor_SignInPage_003 -->
  <system-out>
    <![CDATA[<a href=F:\VrushaliTestingData\FinalGitHubProjects\TestingTripAdvisor/screenshots/Thu_May_18_17_29_59_IST_2023_1684411199423.png>FailedTest Screenshot </a>]]>
  </system-out>
  <testcase classname="com.tripadvisor.webapp.tests.SignInPageTest" name="TC_TripAdvisor_SignInPage_005" time="20.203"/>
  <system-out/>
  <testcase classname="com.tripadvisor.webapp.tests.SignInPageTest" name="TC_TripAdvisor_SignInPage_Negative_009" time="17.105">
    <failure message="Some error in login page expected [Your password should be at least 6 characters long.] but found [Your password must be at least 10 characters. Please try again.]" type="java.lang.AssertionError">
      <![CDATA[java.lang.AssertionError: Some error in login page expected [Your password should be at least 6 characters long.] but found [Your password must be at least 10 characters. Please try again.]
at org.testng.Assert.fail(Assert.java:99)
at org.testng.Assert.failNotEquals(Assert.java:1037)
at org.testng.Assert.assertEqualsImpl(Assert.java:140)
at org.testng.Assert.assertEquals(Assert.java:122)
at org.testng.Assert.assertEquals(Assert.java:629)
at com.tripadvisor.webapp.tests.SignInPageTest.TC_TripAdvisor_SignInPage_Negative_009(SignInPageTest.java:178)
at java.base/jdk.internal.reflect.NativeMethodAccessorImpl.invoke0(Native Method)
at java.base/jdk.internal.reflect.NativeMethodAccessorImpl.invoke(NativeMethodAccessorImpl.java:62)
at java.base/jdk.internal.reflect.DelegatingMethodAccessorImpl.invoke(DelegatingMethodAccessorImpl.java:43)
at java.base/java.lang.reflect.Method.invoke(Method.java:566)
at org.testng.internal.MethodInvocationHelper.invokeMethod(MethodInvocationHelper.java:133)
at org.testng.internal.TestInvoker.invokeMethod(TestInvoker.java:598)
at org.testng.internal.TestInvoker.invokeTestMethod(TestInvoker.java:173)
at org.testng.internal.MethodRunner.runInSequence(MethodRunner.java:46)
at org.testng.internal.TestInvoker$MethodInvocationAgent.invoke(TestInvoker.java:824)
at org.testng.internal.TestInvoker.invokeTestMethods(TestInvoker.java:146)
at org.testng.internal.TestMethodWorker.invokeTestMethods(TestMethodWorker.java:146)
at org.testng.internal.TestMethodWorker.run(TestMethodWorker.java:128)
at java.base/java.util.ArrayList.forEach(ArrayList.java:1541)
at org.testng.TestRunner.privateRun(TestRunner.java:794)
at org.testng.TestRunner.run(TestRunner.java:596)
at org.testng.SuiteRunner.runTest(SuiteRunner.java:377)
at org.testng.SuiteRunner.access$000(SuiteRunner.java:28)
at org.testng.SuiteRunner$SuiteWorker.run(SuiteRunner.java:418)
at org.testng.internal.thread.ThreadUtil.lambda$execute$0(ThreadUtil.java:64)
at java.base/java.util.concurrent.FutureTask.run(FutureTask.java:264)
at java.base/java.util.concurrent.ThreadPoolExecutor.runWorker(ThreadPoolExecutor.java:1128)
at java.base/java.util.concurrent.ThreadPoolExecutor$Worker.run(ThreadPoolExecutor.java:628)
at java.base/java.lang.Thread.run(Thread.java:834)
]]>
    </failure>
  </testcase> <!-- TC_TripAdvisor_SignInPage_Negative_009 -->
  <system-out>
    <![CDATA[<a href=F:\VrushaliTestingData\FinalGitHubProjects\TestingTripAdvisor/screenshots/Thu_May_18_17_32_19_IST_2023_1684411339824.png>FailedTest Screenshot </a>]]>
  </system-out>
  <testcase classname="com.tripadvisor.webapp.tests.SignInPageTest" name="TC_TripAdvisor_SignInPage_Negative_007" time="16.171"/>
  <system-out/>
  <testcase classname="com.tripadvisor.webapp.tests.SignInPageTest" name="TC_TripAdvisor_SignInPage_003" time="47.245">
    <error message="Expected condition failed: waiting for visibility of Proxy element for: DefaultElementLocator &#039;By.cssSelector: button[id=&#039;facebookBtn&#039;]&#039; (tried for 30 second(s) with 500 milliseconds interval)" type="org.openqa.selenium.TimeoutException">
      <![CDATA[org.openqa.selenium.TimeoutException: Expected condition failed: waiting for visibility of Proxy element for: DefaultElementLocator 'By.cssSelector: button[id='facebookBtn']' (tried for 30 second(s) with 500 milliseconds interval)
at org.openqa.selenium.support.ui.WebDriverWait.timeoutException(WebDriverWait.java:87)
at org.openqa.selenium.support.ui.FluentWait.until(FluentWait.java:231)
at com.tripadvisor.webapp.base.BasePage.waitForElementToBePresent(BasePage.java:59)
at com.tripadvisor.webapp.pages.SignInPage.textOnContinueWithFacebook(SignInPage.java:69)
at com.tripadvisor.webapp.tests.SignInPageTest.TC_TripAdvisor_SignInPage_003(SignInPageTest.java:71)
at java.base/jdk.internal.reflect.NativeMethodAccessorImpl.invoke0(Native Method)
at java.base/jdk.internal.reflect.NativeMethodAccessorImpl.invoke(NativeMethodAccessorImpl.java:62)
at java.base/jdk.internal.reflect.DelegatingMethodAccessorImpl.invoke(DelegatingMethodAccessorImpl.java:43)
at java.base/java.lang.reflect.Method.invoke(Method.java:566)
at org.testng.internal.MethodInvocationHelper.invokeMethod(MethodInvocationHelper.java:133)
at org.testng.internal.TestInvoker.invokeMethod(TestInvoker.java:598)
at org.testng.internal.TestInvoker.invokeTestMethod(TestInvoker.java:173)
at org.testng.internal.MethodRunner.runInSequence(MethodRunner.java:46)
at org.testng.internal.TestInvoker$MethodInvocationAgent.invoke(TestInvoker.java:824)
at org.testng.internal.TestInvoker.invokeTestMethods(TestInvoker.java:146)
at org.testng.internal.TestMethodWorker.invokeTestMethods(TestMethodWorker.java:146)
at org.testng.internal.TestMethodWorker.run(TestMethodWorker.java:128)
at java.base/java.util.ArrayList.forEach(ArrayList.java:1541)
at org.testng.TestRunner.privateRun(TestRunner.java:794)
at org.testng.TestRunner.run(TestRunner.java:596)
at org.testng.SuiteRunner.runTest(SuiteRunner.java:377)
at org.testng.SuiteRunner.access$000(SuiteRunner.java:28)
at org.testng.SuiteRunner$SuiteWorker.run(SuiteRunner.java:418)
at org.testng.internal.thread.ThreadUtil.lambda$execute$0(ThreadUtil.java:64)
at java.base/java.util.concurrent.FutureTask.run(FutureTask.java:264)
at java.base/java.util.concurrent.ThreadPoolExecutor.runWorker(ThreadPoolExecutor.java:1128)
at java.base/java.util.concurrent.ThreadPoolExecutor$Worker.run(ThreadPoolExecutor.java:628)
at java.base/java.lang.Thread.run(Thread.java:834)
Caused by: org.openqa.selenium.NoSuchElementException: no such element: Unable to locate element: {"method":"css selector","selector":"button[id='facebookBtn']"}
  (Session info: MicrosoftEdge=113.0.1774.42)
For documentation on this error, please visit: https://selenium.dev/exceptions/#no_such_element
Build info: version: '4.4.0', revision: 'e5c75ed026a'
System info: host: 'DESKTOP-6JUGJ4I', ip: '192.168.0.103', os.name: 'Windows 11', os.arch: 'amd64', os.version: '10.0', java.version: '11.0.15.1'
Driver info: org.openqa.selenium.edge.EdgeDriver
Command: [c4b7b4a61f301a6937a2ff52008e1a8b, findElement {using=css selector, value=button[id='facebookBtn']}]
Capabilities {acceptInsecureCerts: false, browserName: msedge, browserVersion: 113.0.1774.42, ms:edgeOptions: {debuggerAddress: localhost:64386}, msedge: {msedgedriverVersion: 113.0.1774.42 (881f34180765..., userDataDir: C:\Users\Sachin\AppData\Loc...}, networkConnectionEnabled: false, pageLoadStrategy: normal, platformName: WINDOWS, proxy: Proxy(), se:cdp: ws://localhost:64386/devtoo..., se:cdpVersion: 113.0.1774.42, setWindowRect: true, strictFileInteractability: false, timeouts: {implicit: 0, pageLoad: 300000, script: 30000}, unhandledPromptBehavior: dismiss and notify, webauthn:extension:credBlob: true, webauthn:extension:largeBlob: true, webauthn:extension:minPinLength: true, webauthn:extension:prf: true, webauthn:virtualAuthenticators: true}
Session ID: c4b7b4a61f301a6937a2ff52008e1a8b
at jdk.internal.reflect.GeneratedConstructorAccessor21.newInstance(Unknown Source)
at java.base/jdk.internal.reflect.DelegatingConstructorAccessorImpl.newInstance(DelegatingConstructorAccessorImpl.java:45)
at java.base/java.lang.reflect.Constructor.newInstance(Constructor.java:490)
at org.openqa.selenium.remote.codec.w3c.W3CHttpResponseCodec.createException(W3CHttpResponseCodec.java:200)
at org.openqa.selenium.remote.codec.w3c.W3CHttpResponseCodec.decode(W3CHttpResponseCodec.java:133)
at org.openqa.selenium.remote.codec.w3c.W3CHttpResponseCodec.decode(W3CHttpResponseCodec.java:53)
at org.openqa.selenium.remote.HttpCommandExecutor.execute(HttpCommandExecutor.java:184)
at org.openqa.selenium.remote.service.DriverCommandExecutor.invokeExecute(DriverCommandExecutor.java:167)
at org.openqa.selenium.remote.service.DriverCommandExecutor.execute(DriverCommandExecutor.java:142)
at org.openqa.selenium.remote.RemoteWebDriver.execute(RemoteWebDriver.java:547)
at org.openqa.selenium.remote.ElementLocation$ElementFinder$2.findElement(ElementLocation.java:162)
at org.openqa.selenium.remote.ElementLocation.findElement(ElementLocation.java:60)
at org.openqa.selenium.remote.RemoteWebDriver.findElement(RemoteWebDriver.java:365)
at org.openqa.selenium.remote.RemoteWebDriver.findElement(RemoteWebDriver.java:357)
at org.openqa.selenium.support.pagefactory.DefaultElementLocator.findElement(DefaultElementLocator.java:70)
at org.openqa.selenium.support.pagefactory.internal.LocatingElementHandler.invoke(LocatingElementHandler.java:39)
at com.sun.proxy.$Proxy18.isDisplayed(Unknown Source)
at org.openqa.selenium.support.ui.ExpectedConditions.elementIfVisible(ExpectedConditions.java:307)
at org.openqa.selenium.support.ui.ExpectedConditions.access$000(ExpectedConditions.java:40)
at org.openqa.selenium.support.ui.ExpectedConditions$10.apply(ExpectedConditions.java:293)
at org.openqa.selenium.support.ui.ExpectedConditions$10.apply(ExpectedConditions.java:290)
at org.openqa.selenium.support.ui.FluentWait.until(FluentWait.java:208)
... 26 more
]]>
    </error>
  </testcase> <!-- TC_TripAdvisor_SignInPage_003 -->
  <system-out>
    <![CDATA[<a href=F:\VrushaliTestingData\FinalGitHubProjects\TestingTripAdvisor/screenshots/Thu_May_18_17_30_14_IST_2023_1684411215276.png>FailedTest Screenshot </a>]]>
  </system-out>
  <testcase classname="com.tripadvisor.webapp.tests.SignInPageTest" name="TC_TripAdvisor_SignInPage_006" time="20.699"/>
  <system-out/>
  <testcase classname="com.tripadvisor.webapp.tests.SignInPageTest" name="TC_TripAdvisor_SignInPage_006" time="15.132"/>
  <system-out/>
  <testcase classname="com.tripadvisor.webapp.tests.SignInPageTest" name="TC_TripAdvisor_SignInPage_Negative_007" time="17.031"/>
  <system-out/>
  <testcase classname="com.tripadvisor.webapp.tests.SignInPageTest" name="TC_TripAdvisor_SignInPage_001" time="11.877"/>
  <system-out/>
  <testcase classname="com.tripadvisor.webapp.tests.SignInPageTest" name="TC_TripAdvisor_SignInPage_002" time="14.848"/>
  <system-out/>
  <testcase classname="com.tripadvisor.webapp.tests.SignInPageTest" name="TC_TripAdvisor_SignInPage_004" time="12.034"/>
  <system-out/>
  <testcase classname="com.tripadvisor.webapp.tests.SignInPageTest" name="TC_TripAdvisor_SignInPage_005" time="9.766"/>
  <system-out/>
  <testcase classname="com.tripadvisor.webapp.tests.SignInPageTest" name="TC_TripAdvisor_SignInPage_Negative_007" time="15.174"/>
  <system-out/>
  <testcase classname="com.tripadvisor.webapp.tests.SignInPageTest" name="TC_TripAdvisor_SignInPage_Negative_008" time="15.858"/>
  <system-out/>
  <testcase classname="com.tripadvisor.webapp.tests.SignInPageTest" name="TC_TripAdvisor_SignInPage_004" time="10.546"/>
  <system-out/>
  <testcase classname="com.tripadvisor.webapp.tests.SignInPageTest" name="TC_TripAdvisor_SignInPage_002" time="14.622"/>
  <system-out/>
  <testcase classname="com.tripadvisor.webapp.tests.SignInPageTest" name="TC_TripAdvisor_SignInPage_001" time="8.596"/>
  <system-out/>
  <testcase classname="com.tripadvisor.webapp.tests.SignInPageTest" name="TC_TripAdvisor_SignInPage_Negative_007" time="24.908"/>
  <system-out/>
  <testcase classname="com.tripadvisor.webapp.tests.SignInPageTest" name="TC_TripAdvisor_SignInPage_Negative_008" time="18.719"/>
  <system-out/>
  <testcase classname="com.tripadvisor.webapp.tests.SignInPageTest" name="TC_TripAdvisor_SignInPage_Negative_009" time="18.661">
    <failure message="Some error in login page expected [Your password should be at least 6 characters long.] but found [Your password must be at least 10 characters. Please try again.]" type="java.lang.AssertionError">
      <![CDATA[java.lang.AssertionError: Some error in login page expected [Your password should be at least 6 characters long.] but found [Your password must be at least 10 characters. Please try again.]
at org.testng.Assert.fail(Assert.java:99)
at org.testng.Assert.failNotEquals(Assert.java:1037)
at org.testng.Assert.assertEqualsImpl(Assert.java:140)
at org.testng.Assert.assertEquals(Assert.java:122)
at org.testng.Assert.assertEquals(Assert.java:629)
at com.tripadvisor.webapp.tests.SignInPageTest.TC_TripAdvisor_SignInPage_Negative_009(SignInPageTest.java:178)
at java.base/jdk.internal.reflect.NativeMethodAccessorImpl.invoke0(Native Method)
at java.base/jdk.internal.reflect.NativeMethodAccessorImpl.invoke(NativeMethodAccessorImpl.java:62)
at java.base/jdk.internal.reflect.DelegatingMethodAccessorImpl.invoke(DelegatingMethodAccessorImpl.java:43)
at java.base/java.lang.reflect.Method.invoke(Method.java:566)
at org.testng.internal.MethodInvocationHelper.invokeMethod(MethodInvocationHelper.java:133)
at org.testng.internal.TestInvoker.invokeMethod(TestInvoker.java:598)
at org.testng.internal.TestInvoker.invokeTestMethod(TestInvoker.java:173)
at org.testng.internal.MethodRunner.runInSequence(MethodRunner.java:46)
at org.testng.internal.TestInvoker$MethodInvocationAgent.invoke(TestInvoker.java:824)
at org.testng.internal.TestInvoker.invokeTestMethods(TestInvoker.java:146)
at org.testng.internal.TestMethodWorker.invokeTestMethods(TestMethodWorker.java:146)
at org.testng.internal.TestMethodWorker.run(TestMethodWorker.java:128)
at java.base/java.util.ArrayList.forEach(ArrayList.java:1541)
at org.testng.TestRunner.privateRun(TestRunner.java:794)
at org.testng.TestRunner.run(TestRunner.java:596)
at org.testng.SuiteRunner.runTest(SuiteRunner.java:377)
at org.testng.SuiteRunner.access$000(SuiteRunner.java:28)
at org.testng.SuiteRunner$SuiteWorker.run(SuiteRunner.java:418)
at org.testng.internal.thread.ThreadUtil.lambda$execute$0(ThreadUtil.java:64)
at java.base/java.util.concurrent.FutureTask.run(FutureTask.java:264)
at java.base/java.util.concurrent.ThreadPoolExecutor.runWorker(ThreadPoolExecutor.java:1128)
at java.base/java.util.concurrent.ThreadPoolExecutor$Worker.run(ThreadPoolExecutor.java:628)
at java.base/java.lang.Thread.run(Thread.java:834)
]]>
    </failure>
  </testcase> <!-- TC_TripAdvisor_SignInPage_Negative_009 -->
  <system-out>
    <![CDATA[<a href=F:\VrushaliTestingData\FinalGitHubProjects\TestingTripAdvisor/screenshots/Thu_May_18_17_31_48_IST_2023_1684411308715.png>FailedTest Screenshot </a>]]>
  </system-out>
</testsuite> <!-- com.tripadvisor.webapp.tests.SignInPageTest -->
